[35m[1mConsolidate compiler generated dependencies of target demo01_param_server[0m
[35m[1mConsolidate compiler generated dependencies of target demo02_param_client[0m
[35m[1mConsolidate compiler generated dependencies of target demo00_param[0m
[ 16%] [32mBuilding CXX object CMakeFiles/demo01_param_server.dir/src/demo01_param_server.cpp.o[0m
[ 50%] Built target demo00_param
[ 83%] Built target demo02_param_client
[01m[K/home/ros2/ws01_plumbing/src/cpp04_param/src/demo01_param_server.cpp:[m[K In function â€˜[01m[Kint main(int, const char**)[m[Kâ€™:
[01m[K/home/ros2/ws01_plumbing/src/cpp04_param/src/demo01_param_server.cpp:52:5:[m[K [01;31m[Kerror: [m[Kexpected â€˜[01m[K,[m[Kâ€™ or â€˜[01m[K;[m[Kâ€™ before â€˜[01m[Knode[m[Kâ€™
   52 |     [01;31m[Knode[m[K->declare_param();
      |     [01;31m[K^~~~[m[K
gmake[2]: *** [CMakeFiles/demo01_param_server.dir/build.make:76ï¼šCMakeFiles/demo01_param_server.dir/src/demo01_param_server.cpp.o] é”™è¯¯ 1
gmake[1]: *** [CMakeFiles/Makefile2:167ï¼šCMakeFiles/demo01_param_server.dir/all] é”™è¯¯ 2
gmake: *** [Makefile:146ï¼šall] é”™è¯¯ 2
