[0.248s] Invoking command in '/home/ros2/ws01_plumbing/build/cpp04_param': CMAKE_PREFIX_PATH=${CMAKE_PREFIX_PATH}:/home/ros2/ws01_plumbing/install/py04_param:/home/ros2/ws01_plumbing/install/py03_action:/home/ros2/ws01_plumbing/install/py02_service:/home/ros2/ws01_plumbing/install/py01_topic:/opt/ros/humble /usr/bin/cmake --build /home/ros2/ws01_plumbing/build/cpp04_param -- -j4 -l4
[0.715s] [35m[1mConsolidate compiler generated dependencies of target demo01_param_server[0m
[0.732s] [35m[1mConsolidate compiler generated dependencies of target demo02_param_client[0m
[0.738s] [35m[1mConsolidate compiler generated dependencies of target demo00_param[0m
[0.814s] [ 16%] [32mBuilding CXX object CMakeFiles/demo01_param_server.dir/src/demo01_param_server.cpp.o[0m
[0.819s] [ 50%] Built target demo00_param
[0.852s] [ 83%] Built target demo02_param_client
[10.227s] [01m[K/home/ros2/ws01_plumbing/src/cpp04_param/src/demo01_param_server.cpp:[m[K In function â€˜[01m[Kint main(int, const char**)[m[Kâ€™:
[10.228s] [01m[K/home/ros2/ws01_plumbing/src/cpp04_param/src/demo01_param_server.cpp:52:5:[m[K [01;31m[Kerror: [m[Kexpected â€˜[01m[K,[m[Kâ€™ or â€˜[01m[K;[m[Kâ€™ before â€˜[01m[Knode[m[Kâ€™
[10.229s]    52 |     [01;31m[Knode[m[K->declare_param();
[10.229s]       |     [01;31m[K^~~~[m[K
[12.074s] gmake[2]: *** [CMakeFiles/demo01_param_server.dir/build.make:76ï¼šCMakeFiles/demo01_param_server.dir/src/demo01_param_server.cpp.o] é”™è¯¯ 1
[12.075s] gmake[1]: *** [CMakeFiles/Makefile2:167ï¼šCMakeFiles/demo01_param_server.dir/all] é”™è¯¯ 2
[12.076s] gmake: *** [Makefile:146ï¼šall] é”™è¯¯ 2
[12.083s] Invoked command in '/home/ros2/ws01_plumbing/build/cpp04_param' returned '2': CMAKE_PREFIX_PATH=${CMAKE_PREFIX_PATH}:/home/ros2/ws01_plumbing/install/py04_param:/home/ros2/ws01_plumbing/install/py03_action:/home/ros2/ws01_plumbing/install/py02_service:/home/ros2/ws01_plumbing/install/py01_topic:/opt/ros/humble /usr/bin/cmake --build /home/ros2/ws01_plumbing/build/cpp04_param -- -j4 -l4
