[  3%] Built target haha__cpp
[  6%] [32mBuilding CXX object CMakeFiles/demo01_action_server.dir/src/demo01_action_server.cpp.o[0m
[ 15%] Built target haha__rosidl_generator_c
[ 15%] Built target ament_cmake_python_copy_haha
[ 24%] Built target haha__rosidl_typesupport_cpp
[ 33%] Built target haha__rosidl_typesupport_fastrtps_cpp
[ 42%] Built target haha__rosidl_typesupport_introspection_cpp
[ 51%] Built target haha__rosidl_typesupport_fastrtps_c
[ 60%] Built target haha__rosidl_typesupport_introspection_c
[ 69%] Built target haha__rosidl_typesupport_c
[ 69%] Built target haha
[ 72%] Built target haha__py
[01m[K/home/ros2/ws01_plumbing/src/haha/src/demo01_action_server.cpp:19:10:[m[K [01;31m[Kfatal error: [m[Khaha/action/progress.hpp: æ²¡æœ‰é‚£ä¸ªæ–‡ä»¶æˆ–ç›®å½•
   19 | #include [01;31m[K"haha/action/progress.hpp"[m[K
      |          [01;31m[K^~~~~~~~~~~~~~~~~~~~~~~~~~[m[K
compilation terminated.
gmake[2]: *** [CMakeFiles/demo01_action_server.dir/build.make:76ï¼šCMakeFiles/demo01_action_server.dir/src/demo01_action_server.cpp.o] é”™è¯¯ 1
gmake[1]: *** [CMakeFiles/Makefile2:592ï¼šCMakeFiles/demo01_action_server.dir/all] é”™è¯¯ 2
gmake[1]: *** æ­£åœ¨ç­‰å¾…æœªå®Œæˆçš„ä»»åŠ¡....
[ 78%] Built target haha__rosidl_generator_py
running egg_info
writing haha.egg-info/PKG-INFO
writing dependency_links to haha.egg-info/dependency_links.txt
writing top-level names to haha.egg-info/top_level.txt
reading manifest file 'haha.egg-info/SOURCES.txt'
writing manifest file 'haha.egg-info/SOURCES.txt'
[ 78%] Built target ament_cmake_python_build_haha_egg
gmake: *** [Makefile:146ï¼šall] é”™è¯¯ 2
