[0.140s] Invoking command in '/home/ros2/ws01_plumbing/build/haha': CMAKE_PREFIX_PATH=${CMAKE_PREFIX_PATH}:/home/ros2/ws01_plumbing/install/py02_service:/home/ros2/ws01_plumbing/install/py01_topic:/opt/ros/humble /usr/bin/cmake --build /home/ros2/ws01_plumbing/build/haha -- -j4 -l4
[0.273s] [  3%] Built target haha__cpp
[0.287s] [  6%] [32mBuilding CXX object CMakeFiles/demo01_action_server.dir/src/demo01_action_server.cpp.o[0m
[0.320s] [ 15%] Built target haha__rosidl_generator_c
[0.331s] [ 15%] Built target ament_cmake_python_copy_haha
[0.348s] [ 24%] Built target haha__rosidl_typesupport_cpp
[0.377s] [ 33%] Built target haha__rosidl_typesupport_fastrtps_cpp
[0.393s] [ 42%] Built target haha__rosidl_typesupport_introspection_cpp
[0.454s] [ 51%] Built target haha__rosidl_typesupport_fastrtps_c
[0.486s] [ 60%] Built target haha__rosidl_typesupport_introspection_c
[0.544s] [ 69%] Built target haha__rosidl_typesupport_c
[0.610s] [ 69%] Built target haha
[0.697s] [ 72%] Built target haha__py
[0.741s] [01m[K/home/ros2/ws01_plumbing/src/haha/src/demo01_action_server.cpp:19:10:[m[K [01;31m[Kfatal error: [m[Khaha/action/progress.hpp: æ²¡æœ‰é‚£ä¸ªæ–‡ä»¶æˆ–ç›®å½•
[0.741s]    19 | #include [01;31m[K"haha/action/progress.hpp"[m[K
[0.741s]       |          [01;31m[K^~~~~~~~~~~~~~~~~~~~~~~~~~[m[K
[0.742s] compilation terminated.
[0.742s] gmake[2]: *** [CMakeFiles/demo01_action_server.dir/build.make:76ï¼šCMakeFiles/demo01_action_server.dir/src/demo01_action_server.cpp.o] é”™è¯¯ 1
[0.742s] gmake[1]: *** [CMakeFiles/Makefile2:592ï¼šCMakeFiles/demo01_action_server.dir/all] é”™è¯¯ 2
[0.742s] gmake[1]: *** æ­£åœ¨ç­‰å¾…æœªå®Œæˆçš„ä»»åŠ¡....
[0.778s] [ 78%] Built target haha__rosidl_generator_py
[0.799s] running egg_info
[0.800s] writing haha.egg-info/PKG-INFO
[0.800s] writing dependency_links to haha.egg-info/dependency_links.txt
[0.801s] writing top-level names to haha.egg-info/top_level.txt
[0.803s] reading manifest file 'haha.egg-info/SOURCES.txt'
[1.078s] writing manifest file 'haha.egg-info/SOURCES.txt'
[1.125s] [ 78%] Built target ament_cmake_python_build_haha_egg
[1.126s] gmake: *** [Makefile:146ï¼šall] é”™è¯¯ 2
[1.129s] Invoked command in '/home/ros2/ws01_plumbing/build/haha' returned '2': CMAKE_PREFIX_PATH=${CMAKE_PREFIX_PATH}:/home/ros2/ws01_plumbing/install/py02_service:/home/ros2/ws01_plumbing/install/py01_topic:/opt/ros/humble /usr/bin/cmake --build /home/ros2/ws01_plumbing/build/haha -- -j4 -l4
