[01m[K/home/ros2/ws01_plumbing/src/cpp04_param/src/demo02_param_client.cpp:[m[K In member function â€˜[01m[Kvoid ParamClient::update_param()[m[Kâ€™:
[01m[K/home/ros2/ws01_plumbing/src/cpp04_param/src/demo02_param_client.cpp:79:5:[m[K [01;31m[Kerror: [m[Kexpected â€˜[01m[K;[m[Kâ€™ before â€˜[01m[K}[m[Kâ€™ token
   79 |     [01;31m[K}[m[K
      |     [01;31m[K^[m[K
gmake[2]: *** [CMakeFiles/demo02_param_client.dir/build.make:76ï¼šCMakeFiles/demo02_param_client.dir/src/demo02_param_client.cpp.o] é”™è¯¯ 1
gmake[1]: *** [CMakeFiles/Makefile2:193ï¼šCMakeFiles/demo02_param_client.dir/all] é”™è¯¯ 2
gmake: *** [Makefile:146ï¼šall] é”™è¯¯ 2
