[0.070s] Invoking command in '/home/ros2/ws01_plumbing/build/cpp04_param': CMAKE_PREFIX_PATH=${CMAKE_PREFIX_PATH}:/home/ros2/ws01_plumbing/install/py04_param:/home/ros2/ws01_plumbing/install/py03_action:/home/ros2/ws01_plumbing/install/py02_service:/home/ros2/ws01_plumbing/install/py01_topic:/opt/ros/humble /usr/bin/cmake --build /home/ros2/ws01_plumbing/build/cpp04_param -- -j4 -l4
[0.840s] [ 33%] Built target demo00_param
[0.842s] [35m[1mConsolidate compiler generated dependencies of target demo02_param_client[0m
[0.847s] [ 66%] Built target demo01_param_server
[0.925s] [ 83%] [32mBuilding CXX object CMakeFiles/demo02_param_client.dir/src/demo02_param_client.cpp.o[0m
[12.112s] In file included from [01m[K/opt/ros/humble/include/rclcpp/rclcpp/logging.hpp:24[m[K,
[12.112s]                  from [01m[K/opt/ros/humble/include/rclcpp/rclcpp/client.hpp:40[m[K,
[12.113s]                  from [01m[K/opt/ros/humble/include/rclcpp/rclcpp/callback_group.hpp:23[m[K,
[12.113s]                  from [01m[K/opt/ros/humble/include/rclcpp/rclcpp/any_executable.hpp:20[m[K,
[12.113s]                  from [01m[K/opt/ros/humble/include/rclcpp/rclcpp/memory_strategy.hpp:25[m[K,
[12.114s]                  from [01m[K/opt/ros/humble/include/rclcpp/rclcpp/memory_strategies.hpp:18[m[K,
[12.114s]                  from [01m[K/opt/ros/humble/include/rclcpp/rclcpp/executor_options.hpp:20[m[K,
[12.114s]                  from [01m[K/opt/ros/humble/include/rclcpp/rclcpp/executor.hpp:37[m[K,
[12.114s]                  from [01m[K/opt/ros/humble/include/rclcpp/rclcpp/executors/multi_threaded_executor.hpp:25[m[K,
[12.115s]                  from [01m[K/opt/ros/humble/include/rclcpp/rclcpp/executors.hpp:21[m[K,
[12.115s]                  from [01m[K/opt/ros/humble/include/rclcpp/rclcpp/rclcpp.hpp:155[m[K,
[12.116s]                  from [01m[K/home/ros2/ws01_plumbing/src/cpp04_param/src/demo02_param_client.cpp:15[m[K:
[12.116s] [01m[K/home/ros2/ws01_plumbing/src/cpp04_param/src/demo02_param_client.cpp:[m[K In member function â€˜[01m[Kvoid ParamClient::get_param()[m[Kâ€™:
[12.116s] [01m[K/home/ros2/ws01_plumbing/src/cpp04_param/src/demo02_param_client.cpp:62:71:[m[K [01;31m[Kerror: [m[Kinvalid use of non-static member function â€˜[01m[Kconst _CharT* std::__cxx11::basic_string<_CharT, _Traits, _Alloc>::c_str() const [with _CharT = char; _Traits = std::char_traits<char>; _Alloc = std::allocator<char>][m[Kâ€™
[12.117s]    62 | er(),"%s = %s",[01;31m[Kparam.get_name().c_str[m[K,param.value_to_string().c_str());
[12.117s]       |                [01;31m[K~~~~~~~~~~~~~~~~~^~~~~[m[K
[12.119s] 
[12.132s] In file included from [01m[K/usr/include/c++/11/string:55[m[K,
[12.133s]                  from [01m[K/usr/include/c++/11/stdexcept:39[m[K,
[12.133s]                  from [01m[K/usr/include/c++/11/system_error:41[m[K,
[12.133s]                  from [01m[K/usr/include/c++/11/mutex:42[m[K,
[12.133s]                  from [01m[K/usr/include/c++/11/future:38[m[K,
[12.134s]                  from [01m[K/opt/ros/humble/include/rclcpp/rclcpp/executors.hpp:18[m[K,
[12.134s]                  from [01m[K/opt/ros/humble/include/rclcpp/rclcpp/rclcpp.hpp:155[m[K,
[12.134s]                  from [01m[K/home/ros2/ws01_plumbing/src/cpp04_param/src/demo02_param_client.cpp:15[m[K:
[12.134s] [01m[K/usr/include/c++/11/bits/basic_string.h:2320:7:[m[K [01;36m[Knote: [m[Kdeclared here
[12.134s]  2320 |       [01;36m[Kc_str[m[K() const _GLIBCXX_NOEXCEPT
[12.135s]       |       [01;36m[K^~~~~[m[K
[14.344s] gmake[2]: *** [CMakeFiles/demo02_param_client.dir/build.make:76ï¼šCMakeFiles/demo02_param_client.dir/src/demo02_param_client.cpp.o] é”™è¯¯ 1
[14.346s] gmake[1]: *** [CMakeFiles/Makefile2:193ï¼šCMakeFiles/demo02_param_client.dir/all] é”™è¯¯ 2
[14.347s] gmake: *** [Makefile:146ï¼šall] é”™è¯¯ 2
[14.349s] Invoked command in '/home/ros2/ws01_plumbing/build/cpp04_param' returned '2': CMAKE_PREFIX_PATH=${CMAKE_PREFIX_PATH}:/home/ros2/ws01_plumbing/install/py04_param:/home/ros2/ws01_plumbing/install/py03_action:/home/ros2/ws01_plumbing/install/py02_service:/home/ros2/ws01_plumbing/install/py01_topic:/opt/ros/humble /usr/bin/cmake --build /home/ros2/ws01_plumbing/build/cpp04_param -- -j4 -l4
