[0.067s] Invoking command in '/home/ros2/ws01_plumbing/build/cpp04_param': CMAKE_PREFIX_PATH=${CMAKE_PREFIX_PATH}:/home/ros2/ws01_plumbing/install/py04_param:/home/ros2/ws01_plumbing/install/py03_action:/home/ros2/ws01_plumbing/install/py02_service:/home/ros2/ws01_plumbing/install/py01_topic:/opt/ros/humble /usr/bin/cmake --build /home/ros2/ws01_plumbing/build/cpp04_param -- -j4 -l4
[0.285s] [35m[1mConsolidate compiler generated dependencies of target demo01_param_server[0m
[0.384s] [ 33%] Built target demo00_param
[0.403s] [ 50%] [32mBuilding CXX object CMakeFiles/demo01_param_server.dir/src/demo01_param_server.cpp.o[0m
[0.414s] [ 83%] Built target demo02_param_client
[10.287s] [01m[K/home/ros2/ws01_plumbing/src/cpp04_param/src/demo01_param_server.cpp:[m[K In member function â€˜[01m[Kvoid ParamServer::del_param()[m[Kâ€™:
[10.287s] [01m[K/home/ros2/ws01_plumbing/src/cpp04_param/src/demo01_param_server.cpp:59:15:[m[K [01;31m[Kerror: [m[Kâ€˜[01m[Kclass ParamServer[m[Kâ€™ has no member named â€˜[01m[Kundeclare_param[m[Kâ€™; did you mean â€˜[01m[Kdeclare_param[m[Kâ€™?
[10.288s]    59 |         this->[01;31m[Kundeclare_param[m[K("car_name");
[10.288s]       |               [01;31m[K^~~~~~~~~~~~~~~[m[K
[10.290s]       |               [32m[Kdeclare_param[m[K
[12.312s] gmake[2]: *** [CMakeFiles/demo01_param_server.dir/build.make:76ï¼šCMakeFiles/demo01_param_server.dir/src/demo01_param_server.cpp.o] é”™è¯¯ 1
[12.313s] gmake[1]: *** [CMakeFiles/Makefile2:167ï¼šCMakeFiles/demo01_param_server.dir/all] é”™è¯¯ 2
[12.314s] gmake: *** [Makefile:146ï¼šall] é”™è¯¯ 2
[12.324s] Invoked command in '/home/ros2/ws01_plumbing/build/cpp04_param' returned '2': CMAKE_PREFIX_PATH=${CMAKE_PREFIX_PATH}:/home/ros2/ws01_plumbing/install/py04_param:/home/ros2/ws01_plumbing/install/py03_action:/home/ros2/ws01_plumbing/install/py02_service:/home/ros2/ws01_plumbing/install/py01_topic:/opt/ros/humble /usr/bin/cmake --build /home/ros2/ws01_plumbing/build/cpp04_param -- -j4 -l4
