-- The C compiler identification is GNU 11.2.0
-- The CXX compiler identification is GNU 11.2.0
-- Detecting C compiler ABI info
-- Detecting C compiler ABI info - done
-- Check for working C compiler: /usr/bin/cc - skipped
-- Detecting C compile features
-- Detecting C compile features - done
-- Detecting CXX compiler ABI info
-- Detecting CXX compiler ABI info - done
-- Check for working CXX compiler: /usr/bin/c++ - skipped
-- Detecting CXX compile features
-- Detecting CXX compile features - done
-- Found ament_cmake: 1.3.2 (/opt/ros/humble/share/ament_cmake/cmake)
-- Found Python3: /usr/bin/python3.10 (found version "3.10.4") found components: Interpreter 
-- Found rclcpp: 16.0.1 (/opt/ros/humble/share/rclcpp/cmake)
-- Found rosidl_generator_c: 3.1.3 (/opt/ros/humble/share/rosidl_generator_c/cmake)
-- Found rosidl_adapter: 3.1.3 (/opt/ros/humble/share/rosidl_adapter/cmake)
-- Found rosidl_generator_cpp: 3.1.3 (/opt/ros/humble/share/rosidl_generator_cpp/cmake)
-- Using all available rosidl_typesupport_c: rosidl_typesupport_fastrtps_c;rosidl_typesupport_introspection_c
-- Using all available rosidl_typesupport_cpp: rosidl_typesupport_fastrtps_cpp;rosidl_typesupport_introspection_cpp
-- Found rmw_implementation_cmake: 6.1.0 (/opt/ros/humble/share/rmw_implementation_cmake/cmake)
-- Found rmw_fastrtps_cpp: 6.2.1 (/opt/ros/humble/share/rmw_fastrtps_cpp/cmake)
-- Found OpenSSL: /usr/lib/x86_64-linux-gnu/libcrypto.so (found version "3.0.2")  
-- Found FastRTPS: /opt/ros/humble/include  
-- Using RMW implementation 'rmw_fastrtps_cpp' as default
-- Found ament_lint_auto: 0.12.4 (/opt/ros/humble/share/ament_lint_auto/cmake)
-- Added test 'cppcheck' to perform static code analysis on C / C++ code
-- Configured cppcheck include dirs: $<BUILD_INTERFACE:/home/ros2/ws01_plumbing/src/cpp04_param/include>
-- Configured cppcheck exclude dirs and/or files: 
-- Added test 'lint_cmake' to check CMake code style
-- Added test 'uncrustify' to check C / C++ code style
-- Configured uncrustify additional arguments: 
-- Added test 'xmllint' to check XML markup files
-- Configuring done
-- Generating done
-- Build files have been written to: /home/ros2/ws01_plumbing/build/cpp04_param
[ 50%] [32mBuilding CXX object CMakeFiles/demo00_param.dir/src/demo00_param.cpp.o[0m
[01m[K/home/ros2/ws01_plumbing/src/cpp04_param/src/demo00_param.cpp:[m[K In constructor â€˜[01m[KMyParam::MyParam()[m[Kâ€™:
[01m[K/home/ros2/ws01_plumbing/src/cpp04_param/src/demo00_param.cpp:24:27:[m[K [01;31m[Kerror: [m[Kredeclaration of â€˜[01m[Krclcpp::Parameter p1[m[Kâ€™
   24 |         rclcpp::Parameter [01;31m[Kp1[m[K("heght",1.68);
      |                           [01;31m[K^~[m[K
[01m[K/home/ros2/ws01_plumbing/src/cpp04_param/src/demo00_param.cpp:23:27:[m[K [01;36m[Knote: [m[Kâ€˜[01m[Krclcpp::Parameter p1[m[Kâ€™ previously declared here
   23 |         rclcpp::Parameter [01;36m[Kp1[m[K("car_name","Tiger");
      |                           [01;36m[K^~[m[K
[01m[K/home/ros2/ws01_plumbing/src/cpp04_param/src/demo00_param.cpp:25:27:[m[K [01;31m[Kerror: [m[Kredeclaration of â€˜[01m[Krclcpp::Parameter p1[m[Kâ€™
   25 |         rclcpp::Parameter [01;31m[Kp1[m[K("wheels",4);
      |                           [01;31m[K^~[m[K
[01m[K/home/ros2/ws01_plumbing/src/cpp04_param/src/demo00_param.cpp:23:27:[m[K [01;36m[Knote: [m[Kâ€˜[01m[Krclcpp::Parameter p1[m[Kâ€™ previously declared here
   23 |         rclcpp::Parameter [01;36m[Kp1[m[K("car_name","Tiger");
      |                           [01;36m[K^~[m[K
gmake[2]: *** [CMakeFiles/demo00_param.dir/build.make:76ï¼šCMakeFiles/demo00_param.dir/src/demo00_param.cpp.o] é”™è¯¯ 1
gmake[1]: *** [CMakeFiles/Makefile2:137ï¼šCMakeFiles/demo00_param.dir/all] é”™è¯¯ 2
gmake: *** [Makefile:146ï¼šall] é”™è¯¯ 2
