[0.167s] Invoking command in '/home/ros2/ws01_plumbing/build/cpp04_param': CMAKE_PREFIX_PATH=/opt/ros/humble /usr/bin/cmake /home/ros2/ws01_plumbing/src/cpp04_param -DCMAKE_INSTALL_PREFIX=/home/ros2/ws01_plumbing/install/cpp04_param
[2.624s] -- The C compiler identification is GNU 11.2.0
[3.282s] -- The CXX compiler identification is GNU 11.2.0
[3.362s] -- Detecting C compiler ABI info
[3.823s] -- Detecting C compiler ABI info - done
[3.856s] -- Check for working C compiler: /usr/bin/cc - skipped
[3.860s] -- Detecting C compile features
[3.881s] -- Detecting C compile features - done
[3.906s] -- Detecting CXX compiler ABI info
[4.293s] -- Detecting CXX compiler ABI info - done
[4.331s] -- Check for working CXX compiler: /usr/bin/c++ - skipped
[4.332s] -- Detecting CXX compile features
[4.337s] -- Detecting CXX compile features - done
[4.574s] -- Found ament_cmake: 1.3.2 (/opt/ros/humble/share/ament_cmake/cmake)
[5.464s] -- Found Python3: /usr/bin/python3.10 (found version "3.10.4") found components: Interpreter 
[6.227s] -- Found rclcpp: 16.0.1 (/opt/ros/humble/share/rclcpp/cmake)
[6.769s] -- Found rosidl_generator_c: 3.1.3 (/opt/ros/humble/share/rosidl_generator_c/cmake)
[6.821s] -- Found rosidl_adapter: 3.1.3 (/opt/ros/humble/share/rosidl_adapter/cmake)
[6.894s] -- Found rosidl_generator_cpp: 3.1.3 (/opt/ros/humble/share/rosidl_generator_cpp/cmake)
[7.016s] -- Using all available rosidl_typesupport_c: rosidl_typesupport_fastrtps_c;rosidl_typesupport_introspection_c
[7.193s] -- Using all available rosidl_typesupport_cpp: rosidl_typesupport_fastrtps_cpp;rosidl_typesupport_introspection_cpp
[7.722s] -- Found rmw_implementation_cmake: 6.1.0 (/opt/ros/humble/share/rmw_implementation_cmake/cmake)
[7.767s] -- Found rmw_fastrtps_cpp: 6.2.1 (/opt/ros/humble/share/rmw_fastrtps_cpp/cmake)
[8.557s] -- Found OpenSSL: /usr/lib/x86_64-linux-gnu/libcrypto.so (found version "3.0.2")  
[8.702s] -- Found FastRTPS: /opt/ros/humble/include  
[8.872s] -- Using RMW implementation 'rmw_fastrtps_cpp' as default
[9.799s] -- Found ament_lint_auto: 0.12.4 (/opt/ros/humble/share/ament_lint_auto/cmake)
[10.215s] -- Added test 'cppcheck' to perform static code analysis on C / C++ code
[10.215s] -- Configured cppcheck include dirs: $<BUILD_INTERFACE:/home/ros2/ws01_plumbing/src/cpp04_param/include>
[10.215s] -- Configured cppcheck exclude dirs and/or files: 
[10.239s] -- Added test 'lint_cmake' to check CMake code style
[10.249s] -- Added test 'uncrustify' to check C / C++ code style
[10.249s] -- Configured uncrustify additional arguments: 
[10.254s] -- Added test 'xmllint' to check XML markup files
[10.279s] -- Configuring done
[10.369s] -- Generating done
[10.378s] -- Build files have been written to: /home/ros2/ws01_plumbing/build/cpp04_param
[10.422s] Invoked command in '/home/ros2/ws01_plumbing/build/cpp04_param' returned '0': CMAKE_PREFIX_PATH=/opt/ros/humble /usr/bin/cmake /home/ros2/ws01_plumbing/src/cpp04_param -DCMAKE_INSTALL_PREFIX=/home/ros2/ws01_plumbing/install/cpp04_param
[10.423s] Invoking command in '/home/ros2/ws01_plumbing/build/cpp04_param': CMAKE_PREFIX_PATH=/opt/ros/humble /usr/bin/cmake --build /home/ros2/ws01_plumbing/build/cpp04_param -- -j4 -l4
[10.635s] [ 50%] [32mBuilding CXX object CMakeFiles/demo00_param.dir/src/demo00_param.cpp.o[0m
[20.429s] [01m[K/home/ros2/ws01_plumbing/src/cpp04_param/src/demo00_param.cpp:[m[K In constructor â€˜[01m[KMyParam::MyParam()[m[Kâ€™:
[20.430s] [01m[K/home/ros2/ws01_plumbing/src/cpp04_param/src/demo00_param.cpp:24:27:[m[K [01;31m[Kerror: [m[Kredeclaration of â€˜[01m[Krclcpp::Parameter p1[m[Kâ€™
[20.431s]    24 |         rclcpp::Parameter [01;31m[Kp1[m[K("heght",1.68);
[20.431s]       |                           [01;31m[K^~[m[K
[20.432s] [01m[K/home/ros2/ws01_plumbing/src/cpp04_param/src/demo00_param.cpp:23:27:[m[K [01;36m[Knote: [m[Kâ€˜[01m[Krclcpp::Parameter p1[m[Kâ€™ previously declared here
[20.432s]    23 |         rclcpp::Parameter [01;36m[Kp1[m[K("car_name","Tiger");
[20.432s]       |                           [01;36m[K^~[m[K
[20.433s] [01m[K/home/ros2/ws01_plumbing/src/cpp04_param/src/demo00_param.cpp:25:27:[m[K [01;31m[Kerror: [m[Kredeclaration of â€˜[01m[Krclcpp::Parameter p1[m[Kâ€™
[20.434s]    25 |         rclcpp::Parameter [01;31m[Kp1[m[K("wheels",4);
[20.434s]       |                           [01;31m[K^~[m[K
[20.435s] [01m[K/home/ros2/ws01_plumbing/src/cpp04_param/src/demo00_param.cpp:23:27:[m[K [01;36m[Knote: [m[Kâ€˜[01m[Krclcpp::Parameter p1[m[Kâ€™ previously declared here
[20.435s]    23 |         rclcpp::Parameter [01;36m[Kp1[m[K("car_name","Tiger");
[20.435s]       |                           [01;36m[K^~[m[K
[22.296s] gmake[2]: *** [CMakeFiles/demo00_param.dir/build.make:76ï¼šCMakeFiles/demo00_param.dir/src/demo00_param.cpp.o] é”™è¯¯ 1
[22.298s] gmake[1]: *** [CMakeFiles/Makefile2:137ï¼šCMakeFiles/demo00_param.dir/all] é”™è¯¯ 2
[22.304s] gmake: *** [Makefile:146ï¼šall] é”™è¯¯ 2
[22.310s] Invoked command in '/home/ros2/ws01_plumbing/build/cpp04_param' returned '2': CMAKE_PREFIX_PATH=/opt/ros/humble /usr/bin/cmake --build /home/ros2/ws01_plumbing/build/cpp04_param -- -j4 -l4
