[0.049s] Invoking command in '/home/ros2/ws01_plumbing/build/cpp04_param': CMAKE_PREFIX_PATH=${CMAKE_PREFIX_PATH}:/home/ros2/ws01_plumbing/install/py04_param:/home/ros2/ws01_plumbing/install/py03_action:/home/ros2/ws01_plumbing/install/py02_service:/home/ros2/ws01_plumbing/install/py01_topic:/opt/ros/humble /usr/bin/cmake --build /home/ros2/ws01_plumbing/build/cpp04_param -- -j4 -l4
[0.192s] [35m[1mConsolidate compiler generated dependencies of target demo02_param_client[0m
[0.235s] [ 33%] Built target demo00_param
[0.241s] [ 50%] [32mBuilding CXX object CMakeFiles/demo02_param_client.dir/src/demo02_param_client.cpp.o[0m
[0.246s] [ 83%] Built target demo01_param_server
[6.882s] [01m[K/home/ros2/ws01_plumbing/src/cpp04_param/src/demo02_param_client.cpp:[m[K In constructor â€˜[01m[KParamClient::ParamClient()[m[Kâ€™:
[6.882s] [01m[K/home/ros2/ws01_plumbing/src/cpp04_param/src/demo02_param_client.cpp:20:97:[m[K [01;31m[Kerror: [m[Kno match for â€˜[01m[Koperator=[m[Kâ€™ (operand types are â€˜[01m[Krclcpp::AsyncParametersClient::SharedPtr[m[Kâ€™ {aka â€˜[01m[Kstd::shared_ptr<rclcpp::AsyncParametersClient>[m[Kâ€™} and â€˜[01m[Kstd::shared_ptr<rclcpp::SyncParametersClient>[m[Kâ€™)
[6.883s]    20 |         paramClient = std::make_shared<rclcpp::SyncParametersClient>(this,"minimal_param_server"[01;31m[K)[m[K;
[6.883s]       |                                                                                                 [01;31m[K^[m[K
[6.883s] In file included from [01m[K/usr/include/c++/11/memory:77[m[K,
[6.883s]                  from [01m[K/opt/ros/humble/include/rclcpp/rclcpp/rclcpp.hpp:153[m[K,
[6.883s]                  from [01m[K/home/ros2/ws01_plumbing/src/cpp04_param/src/demo02_param_client.cpp:12[m[K:
[6.883s] [01m[K/usr/include/c++/11/bits/shared_ptr.h:363:9:[m[K [01;36m[Knote: [m[Kcandidate: â€˜[01m[Ktemplate<class _Yp> std::shared_ptr<_Tp>::_Assignable<const std::shared_ptr<_Yp>&> std::shared_ptr<_Tp>::operator=(const std::shared_ptr<_Yp>&) [with _Yp = _Yp; _Tp = rclcpp::AsyncParametersClient][m[Kâ€™
[6.884s]   363 |         [01;36m[Koperator[m[K=(const shared_ptr<_Yp>& __r) noexcept
[6.884s]       |         [01;36m[K^~~~~~~~[m[K
[6.884s] [01m[K/usr/include/c++/11/bits/shared_ptr.h:363:9:[m[K [01;36m[Knote: [m[K  template argument deduction/substitution failed:
[6.884s] /usr/include/c++/11/bits/shared_ptr.h: In substitution of â€˜[01m[Ktemplate<class _Tp> template<class _Arg> using _Assignable = typename std::enable_if<std::is_assignable<std::__shared_ptr<_Tp>&, _Arg>::value, std::shared_ptr<_Tp>&>::type [with _Arg = const std::shared_ptr<rclcpp::SyncParametersClient>&; _Tp = rclcpp::AsyncParametersClient][m[Kâ€™:
[6.884s] [01m[K/usr/include/c++/11/bits/shared_ptr.h:363:2:[m[K   required by substitution of â€˜[01m[Ktemplate<class _Yp> std::shared_ptr<rclcpp::AsyncParametersClient>::_Assignable<const std::shared_ptr<_Tp>&> std::shared_ptr<rclcpp::AsyncParametersClient>::operator=<_Yp>(const std::shared_ptr<_Tp>&) [with _Yp = rclcpp::SyncParametersClient][m[Kâ€™
[6.884s] [01m[K/home/ros2/ws01_plumbing/src/cpp04_param/src/demo02_param_client.cpp:20:97:[m[K   required from here
[6.884s] [01m[K/usr/include/c++/11/bits/shared_ptr.h:130:15:[m[K [01;31m[Kerror: [m[Kno type named â€˜[01m[Ktype[m[Kâ€™ in â€˜[01m[Kstruct std::enable_if<false, std::shared_ptr<rclcpp::AsyncParametersClient>&>[m[Kâ€™
[6.885s]   130 |         using [01;31m[K_Assignable[m[K = typename enable_if<
[6.885s]       |               [01;31m[K^~~~~~~~~~~[m[K
[6.885s] [01m[K/usr/include/c++/11/bits/shared_ptr.h:374:9:[m[K [01;36m[Knote: [m[Kcandidate: â€˜[01m[Ktemplate<class _Yp> std::shared_ptr<_Tp>::_Assignable<std::auto_ptr<_Up> > std::shared_ptr<_Tp>::operator=(std::auto_ptr<_Up>&&) [with _Yp = _Yp; _Tp = rclcpp::AsyncParametersClient][m[Kâ€™
[6.885s]   374 |         [01;36m[Koperator[m[K=(auto_ptr<_Yp>&& __r)
[6.885s]       |         [01;36m[K^~~~~~~~[m[K
[6.885s] [01m[K/usr/include/c++/11/bits/shared_ptr.h:374:9:[m[K [01;36m[Knote: [m[K  template argument deduction/substitution failed:
[6.885s] [01m[K/home/ros2/ws01_plumbing/src/cpp04_param/src/demo02_param_client.cpp:20:97:[m[K [01;36m[Knote: [m[K  â€˜[01m[Kstd::shared_ptr<rclcpp::SyncParametersClient>[m[Kâ€™ is not derived from â€˜[01m[Kstd::auto_ptr<_Up>[m[Kâ€™
[6.886s]    20 |         paramClient = std::make_shared<rclcpp::SyncParametersClient>(this,"minimal_param_server"[01;36m[K)[m[K;
[6.886s]       |                                                                                                 [01;36m[K^[m[K
[6.886s] In file included from [01m[K/usr/include/c++/11/memory:77[m[K,
[6.886s]                  from [01m[K/opt/ros/humble/include/rclcpp/rclcpp/rclcpp.hpp:153[m[K,
[6.886s]                  from [01m[K/home/ros2/ws01_plumbing/src/cpp04_param/src/demo02_param_client.cpp:12[m[K:
[6.887s] [01m[K/usr/include/c++/11/bits/shared_ptr.h:391:9:[m[K [01;36m[Knote: [m[Kcandidate: â€˜[01m[Ktemplate<class _Yp> std::shared_ptr<_Tp>::_Assignable<std::shared_ptr<_Yp> > std::shared_ptr<_Tp>::operator=(std::shared_ptr<_Yp>&&) [with _Yp = _Yp; _Tp = rclcpp::AsyncParametersClient][m[Kâ€™
[6.887s]   391 |         [01;36m[Koperator[m[K=(shared_ptr<_Yp>&& __r) noexcept
[6.887s]       |         [01;36m[K^~~~~~~~[m[K
[6.887s] [01m[K/usr/include/c++/11/bits/shared_ptr.h:391:9:[m[K [01;36m[Knote: [m[K  template argument deduction/substitution failed:
[6.887s] /usr/include/c++/11/bits/shared_ptr.h: In substitution of â€˜[01m[Ktemplate<class _Tp> template<class _Arg> using _Assignable = typename std::enable_if<std::is_assignable<std::__shared_ptr<_Tp>&, _Arg>::value, std::shared_ptr<_Tp>&>::type [with _Arg = std::shared_ptr<rclcpp::SyncParametersClient>; _Tp = rclcpp::AsyncParametersClient][m[Kâ€™:
[6.887s] [01m[K/usr/include/c++/11/bits/shared_ptr.h:391:2:[m[K   required by substitution of â€˜[01m[Ktemplate<class _Yp> std::shared_ptr<rclcpp::AsyncParametersClient>::_Assignable<std::shared_ptr<_Tp> > std::shared_ptr<rclcpp::AsyncParametersClient>::operator=<_Yp>(std::shared_ptr<_Tp>&&) [with _Yp = rclcpp::SyncParametersClient][m[Kâ€™
[6.887s] [01m[K/home/ros2/ws01_plumbing/src/cpp04_param/src/demo02_param_client.cpp:20:97:[m[K   required from here
[6.888s] [01m[K/usr/include/c++/11/bits/shared_ptr.h:130:15:[m[K [01;31m[Kerror: [m[Kno type named â€˜[01m[Ktype[m[Kâ€™ in â€˜[01m[Kstruct std::enable_if<false, std::shared_ptr<rclcpp::AsyncParametersClient>&>[m[Kâ€™
[6.888s]   130 |         using [01;31m[K_Assignable[m[K = typename enable_if<
[6.888s]       |               [01;31m[K^~~~~~~~~~~[m[K
[6.888s] [01m[K/usr/include/c++/11/bits/shared_ptr.h:399:9:[m[K [01;36m[Knote: [m[Kcandidate: â€˜[01m[Ktemplate<class _Yp, class _Del> std::shared_ptr<_Tp>::_Assignable<std::unique_ptr<_Up, _Ep> > std::shared_ptr<_Tp>::operator=(std::unique_ptr<_Up, _Ep>&&) [with _Yp = _Yp; _Del = _Del; _Tp = rclcpp::AsyncParametersClient][m[Kâ€™
[6.888s]   399 |         [01;36m[Koperator[m[K=(unique_ptr<_Yp, _Del>&& __r)
[6.888s]       |         [01;36m[K^~~~~~~~[m[K
[6.888s] [01m[K/usr/include/c++/11/bits/shared_ptr.h:399:9:[m[K [01;36m[Knote: [m[K  template argument deduction/substitution failed:
[6.889s] [01m[K/home/ros2/ws01_plumbing/src/cpp04_param/src/demo02_param_client.cpp:20:97:[m[K [01;36m[Knote: [m[K  â€˜[01m[Kstd::shared_ptr<rclcpp::SyncParametersClient>[m[Kâ€™ is not derived from â€˜[01m[Kstd::unique_ptr<_Tp, _Dp>[m[Kâ€™
[6.889s]    20 |         paramClient = std::make_shared<rclcpp::SyncParametersClient>(this,"minimal_param_server"[01;36m[K)[m[K;
[6.889s]       |                                                                                                 [01;36m[K^[m[K
[6.889s] In file included from [01m[K/usr/include/c++/11/memory:77[m[K,
[6.889s]                  from [01m[K/opt/ros/humble/include/rclcpp/rclcpp/rclcpp.hpp:153[m[K,
[6.889s]                  from [01m[K/home/ros2/ws01_plumbing/src/cpp04_param/src/demo02_param_client.cpp:12[m[K:
[6.889s] [01m[K/usr/include/c++/11/bits/shared_ptr.h:359:19:[m[K [01;36m[Knote: [m[Kcandidate: â€˜[01m[Kstd::shared_ptr<_Tp>& std::shared_ptr<_Tp>::operator=(const std::shared_ptr<_Tp>&) [with _Tp = rclcpp::AsyncParametersClient][m[Kâ€™
[6.890s]   359 |       shared_ptr& [01;36m[Koperator[m[K=(const shared_ptr&) noexcept = default;
[6.892s]       |                   [01;36m[K^~~~~~~~[m[K
[6.893s] [01m[K/usr/include/c++/11/bits/shared_ptr.h:359:29:[m[K [01;36m[Knote: [m[K  no known conversion for argument 1 from â€˜[01m[Kstd::shared_ptr<rclcpp::SyncParametersClient>[m[Kâ€™ to â€˜[01m[Kconst std::shared_ptr<rclcpp::AsyncParametersClient>&[m[Kâ€™
[6.893s]   359 |       shared_ptr& operator=([01;36m[Kconst shared_ptr&[m[K) noexcept = default;
[6.893s]       |                             [01;36m[K^~~~~~~~~~~~~~~~~[m[K
[6.893s] [01m[K/usr/include/c++/11/bits/shared_ptr.h:383:7:[m[K [01;36m[Knote: [m[Kcandidate: â€˜[01m[Kstd::shared_ptr<_Tp>& std::shared_ptr<_Tp>::operator=(std::shared_ptr<_Tp>&&) [with _Tp = rclcpp::AsyncParametersClient][m[Kâ€™
[6.894s]   383 |       [01;36m[Koperator[m[K=(shared_ptr&& __r) noexcept
[6.894s]       |       [01;36m[K^~~~~~~~[m[K
[6.894s] [01m[K/usr/include/c++/11/bits/shared_ptr.h:383:30:[m[K [01;36m[Knote: [m[K  no known conversion for argument 1 from â€˜[01m[Kstd::shared_ptr<rclcpp::SyncParametersClient>[m[Kâ€™ to â€˜[01m[Kstd::shared_ptr<rclcpp::AsyncParametersClient>&&[m[Kâ€™
[6.895s]   383 |       operator=([01;36m[Kshared_ptr&& __r[m[K) noexcept
[6.895s]       |                 [01;36m[K~~~~~~~~~~~~~^~~[m[K
[6.895s] [01m[K/home/ros2/ws01_plumbing/src/cpp04_param/src/demo02_param_client.cpp:[m[K In member function â€˜[01m[Kbool ParamClient::connect_server()[m[Kâ€™:
[6.895s] [01m[K/home/ros2/ws01_plumbing/src/cpp04_param/src/demo02_param_client.cpp:36:5:[m[K [01;35m[Kwarning: [m[Kno return statement in function returning non-void [[01;35m[K]8;;https://gcc.gnu.org/onlinedocs/gcc/Warning-Options.html#index-Wreturn-type-Wreturn-type]8;;[m[K]
[6.896s]    36 |     [01;35m[K}[m[K
[6.896s]       |     [01;35m[K^[m[K
[8.261s] gmake[2]: *** [CMakeFiles/demo02_param_client.dir/build.make:76ï¼šCMakeFiles/demo02_param_client.dir/src/demo02_param_client.cpp.o] é”™è¯¯ 1
[8.265s] gmake[1]: *** [CMakeFiles/Makefile2:193ï¼šCMakeFiles/demo02_param_client.dir/all] é”™è¯¯ 2
[8.266s] gmake: *** [Makefile:146ï¼šall] é”™è¯¯ 2
[8.273s] Invoked command in '/home/ros2/ws01_plumbing/build/cpp04_param' returned '2': CMAKE_PREFIX_PATH=${CMAKE_PREFIX_PATH}:/home/ros2/ws01_plumbing/install/py04_param:/home/ros2/ws01_plumbing/install/py03_action:/home/ros2/ws01_plumbing/install/py02_service:/home/ros2/ws01_plumbing/install/py01_topic:/opt/ros/humble /usr/bin/cmake --build /home/ros2/ws01_plumbing/build/cpp04_param -- -j4 -l4
