[ 16%] Built target exer01_pub_sub
[ 33%] Built target exer02_server
[ 50%] Built target exer04_action_server
[ 66%] Built target exer03_client
[35m[1mConsolidate compiler generated dependencies of target exer06_param[0m
[ 83%] Built target exer05_action_client
[ 91%] [32mBuilding CXX object CMakeFiles/exer06_param.dir/src/exer06_param.cpp.o[0m
[01m[K/home/ros2/ws01_plumbing/src/cpp07_exercise/src/exer06_param.cpp:[m[K In member function â€˜[01m[Kbool Exer06Param::connect_server()[m[Kâ€™:
[01m[K/home/ros2/ws01_plumbing/src/cpp07_exercise/src/exer06_param.cpp:27:17:[m[K [01;31m[Kerror: [m[Kâ€˜[01m[Kclinet_[m[Kâ€™ was not declared in this scope; did you mean â€˜[01m[Kclient_[m[Kâ€™?
   27 |         while (![01;31m[Kclinet_[m[K->wait_for_service(1s))
      |                 [01;31m[K^~~~~~~[m[K
      |                 [32m[Kclient_[m[K
gmake[2]: *** [CMakeFiles/exer06_param.dir/build.make:76ï¼šCMakeFiles/exer06_param.dir/src/exer06_param.cpp.o] é”™è¯¯ 1
gmake[1]: *** [CMakeFiles/Makefile2:277ï¼šCMakeFiles/exer06_param.dir/all] é”™è¯¯ 2
gmake: *** [Makefile:146ï¼šall] é”™è¯¯ 2
