[0.113s] Invoking command in '/home/ros2/ws01_plumbing/build/cpp07_exercise': CMAKE_PREFIX_PATH=/home/ros2/ws01_plumbing/install/turtlesim:/home/ros2/ws01_plumbing/install/base_interfaces_demo:/home/ros2/ws01_plumbing/install/tutorails_plumbing:/home/ros2/ws01_plumbing/install/cpp07_exercise:/home/ros2/ws01_plumbing/install/cpp06_time:/home/ros2/ws01_plumbing/install/cpp05_names:/home/ros2/ws01_plumbing/install/cpp04_param:/home/ros2/ws01_plumbing/install/cpp03_action:/home/ros2/ws01_plumbing/install/cpp02_service:/home/ros2/ws01_plumbing/install/cpp01_topic:/home/ros2/ws01_plumbing/install/py06_time:/home/ros2/ws01_plumbing/install/py05_names:/home/ros2/ws01_plumbing/install/py04_param:/home/ros2/ws01_plumbing/install/py03_action:/home/ros2/ws01_plumbing/install/py02_service:/home/ros2/ws01_plumbing/install/py01_topic:/opt/ros/humble /usr/bin/cmake --build /home/ros2/ws01_plumbing/build/cpp07_exercise -- -j4 -l4
[0.447s] [ 16%] Built target exer01_pub_sub
[0.478s] [ 33%] Built target exer02_server
[0.524s] [ 50%] Built target exer04_action_server
[0.529s] [ 66%] Built target exer03_client
[0.575s] [35m[1mConsolidate compiler generated dependencies of target exer06_param[0m
[0.621s] [ 83%] Built target exer05_action_client
[0.661s] [ 91%] [32mBuilding CXX object CMakeFiles/exer06_param.dir/src/exer06_param.cpp.o[0m
[11.298s] [01m[K/home/ros2/ws01_plumbing/src/cpp07_exercise/src/exer06_param.cpp:[m[K In member function â€˜[01m[Kbool Exer06Param::connect_server()[m[Kâ€™:
[11.298s] [01m[K/home/ros2/ws01_plumbing/src/cpp07_exercise/src/exer06_param.cpp:27:17:[m[K [01;31m[Kerror: [m[Kâ€˜[01m[Kclinet_[m[Kâ€™ was not declared in this scope; did you mean â€˜[01m[Kclient_[m[Kâ€™?
[11.298s]    27 |         while (![01;31m[Kclinet_[m[K->wait_for_service(1s))
[11.298s]       |                 [01;31m[K^~~~~~~[m[K
[11.299s]       |                 [32m[Kclient_[m[K
[13.534s] gmake[2]: *** [CMakeFiles/exer06_param.dir/build.make:76ï¼šCMakeFiles/exer06_param.dir/src/exer06_param.cpp.o] é”™è¯¯ 1
[13.535s] gmake[1]: *** [CMakeFiles/Makefile2:277ï¼šCMakeFiles/exer06_param.dir/all] é”™è¯¯ 2
[13.536s] gmake: *** [Makefile:146ï¼šall] é”™è¯¯ 2
[13.550s] Invoked command in '/home/ros2/ws01_plumbing/build/cpp07_exercise' returned '2': CMAKE_PREFIX_PATH=/home/ros2/ws01_plumbing/install/turtlesim:/home/ros2/ws01_plumbing/install/base_interfaces_demo:/home/ros2/ws01_plumbing/install/tutorails_plumbing:/home/ros2/ws01_plumbing/install/cpp07_exercise:/home/ros2/ws01_plumbing/install/cpp06_time:/home/ros2/ws01_plumbing/install/cpp05_names:/home/ros2/ws01_plumbing/install/cpp04_param:/home/ros2/ws01_plumbing/install/cpp03_action:/home/ros2/ws01_plumbing/install/cpp02_service:/home/ros2/ws01_plumbing/install/cpp01_topic:/home/ros2/ws01_plumbing/install/py06_time:/home/ros2/ws01_plumbing/install/py05_names:/home/ros2/ws01_plumbing/install/py04_param:/home/ros2/ws01_plumbing/install/py03_action:/home/ros2/ws01_plumbing/install/py02_service:/home/ros2/ws01_plumbing/install/py01_topic:/opt/ros/humble /usr/bin/cmake --build /home/ros2/ws01_plumbing/build/cpp07_exercise -- -j4 -l4
