[0.019s] Invoking command in '/home/ros2/ws01_plumbing/build/turtlesim': CMAKE_PREFIX_PATH=/opt/ros/humble /usr/bin/cmake --build /home/ros2/ws01_plumbing/build/turtlesim -- -j4 -l4
[0.097s] [ 50%] [32mBuilding CXX object CMakeFiles/turtlesim_node.dir/src/turtlesim_node.cpp.o[0m
[0.101s] [01m[Kcc1plus:[m[K [01;31m[Kfatal error: [m[K/home/ros2/ws01_plumbing/src/turtlesim/src/turtlesim_node.cpp: æ²¡æœ‰é‚£ä¸ªæ–‡ä»¶æˆ–ç›®å½•
[0.101s] compilation terminated.
[0.102s] gmake[2]: *** [CMakeFiles/turtlesim_node.dir/build.make:76ï¼šCMakeFiles/turtlesim_node.dir/src/turtlesim_node.cpp.o] é”™è¯¯ 1
[0.104s] gmake[1]: *** [CMakeFiles/Makefile2:137ï¼šCMakeFiles/turtlesim_node.dir/all] é”™è¯¯ 2
[0.104s] gmake: *** [Makefile:146ï¼šall] é”™è¯¯ 2
[0.107s] Invoked command in '/home/ros2/ws01_plumbing/build/turtlesim' returned '2': CMAKE_PREFIX_PATH=/opt/ros/humble /usr/bin/cmake --build /home/ros2/ws01_plumbing/build/turtlesim -- -j4 -l4
