[0.075s] Invoking command in '/home/ros2/ws01_plumbing/build/haha': /usr/bin/cmake --build /home/ros2/ws01_plumbing/build/haha -- -j4 -l4
[0.295s] -- Found ament_cmake: 1.3.2 (/opt/ros/humble/share/ament_cmake/cmake)
[1.070s] -- Found rosidl_default_generators: 1.2.0 (/opt/ros/humble/share/rosidl_default_generators/cmake)
[1.097s] -- Using all available rosidl_typesupport_c: rosidl_typesupport_fastrtps_c;rosidl_typesupport_introspection_c
[1.133s] -- Found rosidl_adapter: 3.1.3 (/opt/ros/humble/share/rosidl_adapter/cmake)
[1.363s] -- Using all available rosidl_typesupport_cpp: rosidl_typesupport_fastrtps_cpp;rosidl_typesupport_introspection_cpp
[1.672s] -- Found haha: 0.0.0 (/home/ros2/ws01_plumbing/install/haha/share/haha/cmake)
[2.268s] -- Found rclcpp: 16.0.1 (/opt/ros/humble/share/rclcpp/cmake)
[2.541s] -- Found rmw_implementation_cmake: 6.1.0 (/opt/ros/humble/share/rmw_implementation_cmake/cmake)
[2.565s] -- Found rmw_fastrtps_cpp: 6.2.1 (/opt/ros/humble/share/rmw_fastrtps_cpp/cmake)
[2.949s] -- Using RMW implementation 'rmw_fastrtps_cpp' as default
[3.503s] -- Found rclcpp_action: 16.0.1 (/opt/ros/humble/share/rclcpp_action/cmake)
[4.260s] Error parsing '/home/ros2/ws01_plumbing/src/haha/package.xml':
[4.822s] Traceback (most recent call last):
[4.822s]   File "/opt/ros/humble/share/ament_cmake_core/cmake/core/package_xml_2_cmake.py", line 150, in <module>
[4.823s]     main()
[4.824s]   File "/opt/ros/humble/share/ament_cmake_core/cmake/core/package_xml_2_cmake.py", line 53, in main
[4.824s]     raise e
[4.825s]   File "/opt/ros/humble/share/ament_cmake_core/cmake/core/package_xml_2_cmake.py", line 49, in main
[4.825s]     package = parse_package_string(
[4.826s]   File "/usr/lib/python3/dist-packages/catkin_pkg/package.py", line 788, in parse_package_string
[4.830s]     pkg.validate(warnings=warnings)
[4.830s]   File "/usr/lib/python3/dist-packages/catkin_pkg/package.py", line 330, in validate
[4.831s]     raise InvalidPackage('\n'.join(errors), self.filename)
[4.832s] catkin_pkg.package.InvalidPackage: Error(s) in package '/home/ros2/ws01_plumbing/src/haha/package.xml':
[4.832s] The package "haha" must not "build_depend" on a package with the same name as this package
[4.833s] The package "haha" must not "build_export_depend" on a package with the same name as this package
[4.833s] The package "haha" must not "exec_depend" on a package with the same name as this package
[4.881s] [31mCMake Error at /opt/ros/humble/share/ament_cmake_core/cmake/core/ament_package_xml.cmake:95 (message):
[4.881s]   execute_process(/usr/bin/python3.10
[4.882s]   /opt/ros/humble/share/ament_cmake_core/cmake/core/package_xml_2_cmake.py
[4.882s]   /home/ros2/ws01_plumbing/src/haha/package.xml
[4.882s]   /home/ros2/ws01_plumbing/build/haha/ament_cmake_core/package.cmake)
[4.882s]   returned error code 1
[4.883s] Call Stack (most recent call first):
[4.883s]   /opt/ros/humble/share/ament_cmake_core/cmake/core/ament_package_xml.cmake:49 (_ament_package_xml)
[4.883s]   /opt/ros/humble/share/rosidl_cmake/cmake/rosidl_generate_interfaces.cmake:226 (ament_package_xml)
[4.883s]   CMakeLists.txt:18 (rosidl_generate_interfaces)
[4.883s] 
[4.884s] [0m
[4.884s] -- Configuring incomplete, errors occurred!
[4.884s] See also "/home/ros2/ws01_plumbing/build/haha/CMakeFiles/CMakeOutput.log".
[4.895s] gmake: *** [Makefile:788ï¼šcmake_check_build_system] é”™è¯¯ 1
[4.904s] Invoked command in '/home/ros2/ws01_plumbing/build/haha' returned '2': /usr/bin/cmake --build /home/ros2/ws01_plumbing/build/haha -- -j4 -l4
