[0.067s] Invoking command in '/home/ros2/ws01_plumbing/build/haha': CMAKE_PREFIX_PATH=${CMAKE_PREFIX_PATH}:/home/ros2/ws01_plumbing/install/py02_service:/home/ros2/ws01_plumbing/install/py01_topic:/opt/ros/humble /usr/bin/cmake --build /home/ros2/ws01_plumbing/build/haha -- -j4 -l4
[0.143s] -- Found ament_cmake: 1.3.2 (/opt/ros/humble/share/ament_cmake/cmake)
[0.623s] -- Found rosidl_default_generators: 1.2.0 (/opt/ros/humble/share/rosidl_default_generators/cmake)
[0.628s] -- Using all available rosidl_typesupport_c: rosidl_typesupport_fastrtps_c;rosidl_typesupport_introspection_c
[0.637s] -- Found rosidl_adapter: 3.1.3 (/opt/ros/humble/share/rosidl_adapter/cmake)
[0.728s] -- Using all available rosidl_typesupport_cpp: rosidl_typesupport_fastrtps_cpp;rosidl_typesupport_introspection_cpp
[0.814s] -- Found rclcpp: 16.0.1 (/opt/ros/humble/share/rclcpp/cmake)
[1.049s] -- Found rmw_implementation_cmake: 6.1.0 (/opt/ros/humble/share/rmw_implementation_cmake/cmake)
[1.054s] -- Found rmw_fastrtps_cpp: 6.2.1 (/opt/ros/humble/share/rmw_fastrtps_cpp/cmake)
[1.404s] -- Using RMW implementation 'rmw_fastrtps_cpp' as default
[1.900s] -- Found rclcpp_action: 16.0.1 (/opt/ros/humble/share/rclcpp_action/cmake)
[3.056s] -- Found ament_cmake_ros: 0.10.0 (/opt/ros/humble/share/ament_cmake_ros/cmake)
[3.748s] -- Using all available rosidl_typesupport_c: rosidl_typesupport_fastrtps_c;rosidl_typesupport_introspection_c
[4.504s] -- Using all available rosidl_typesupport_cpp: rosidl_typesupport_fastrtps_cpp;rosidl_typesupport_introspection_cpp
[4.597s] -- Found python_cmake_module: 0.10.0 (/opt/ros/humble/share/python_cmake_module/cmake)
[4.717s] -- Using PYTHON_EXECUTABLE: /usr/bin/python3
[4.717s] -- Using PYTHON_INCLUDE_DIRS: /usr/include/python3.10
[4.717s] -- Using PYTHON_LIBRARIES: /usr/lib/x86_64-linux-gnu/libpython3.10.so
[4.831s] -- Found ament_lint_auto: 0.12.4 (/opt/ros/humble/share/ament_lint_auto/cmake)
[5.027s] -- Configuring done
[5.406s] -- Generating done
[5.435s] -- Build files have been written to: /home/ros2/ws01_plumbing/build/haha
[5.603s] [35m[1mConsolidate compiler generated dependencies of target haha__rosidl_generator_c[0m
[5.628s] [  0%] Built target ament_cmake_python_copy_haha
[5.648s] [  3%] [32mBuilding CXX object CMakeFiles/demo01_action_server.dir/src/demo01_action_server.cpp.o[0m
[5.656s] [  6%] Built target haha__cpp
[5.681s] [ 15%] Built target haha__rosidl_generator_c
[5.748s] [35m[1mConsolidate compiler generated dependencies of target haha__rosidl_typesupport_cpp[0m
[5.760s] [35m[1mConsolidate compiler generated dependencies of target haha__rosidl_typesupport_fastrtps_cpp[0m
[5.829s] [ 24%] Built target haha__rosidl_typesupport_cpp
[5.876s] [ 33%] Built target haha__rosidl_typesupport_fastrtps_cpp
[5.919s] [35m[1mConsolidate compiler generated dependencies of target haha__rosidl_typesupport_introspection_cpp[0m
[5.947s] [35m[1mConsolidate compiler generated dependencies of target haha__rosidl_typesupport_fastrtps_c[0m
[6.047s] [ 42%] Built target haha__rosidl_typesupport_fastrtps_c
[6.047s] [ 51%] Built target haha__rosidl_typesupport_introspection_cpp
[6.119s] [35m[1mConsolidate compiler generated dependencies of target haha__rosidl_typesupport_introspection_c[0m
[6.136s] [35m[1mConsolidate compiler generated dependencies of target haha__rosidl_typesupport_c[0m
[6.193s] [ 60%] Built target haha__rosidl_typesupport_introspection_c
[6.243s] [ 69%] Built target haha__rosidl_typesupport_c
[6.403s] [ 69%] Built target haha
[6.570s] [ 72%] Built target haha__py
[6.599s] [01m[K/home/ros2/ws01_plumbing/src/haha/src/demo01_action_server.cpp:19:10:[m[K [01;31m[Kfatal error: [m[Khaha/action/progress.hpp: Ê≤°ÊúâÈÇ£‰∏™Êñá‰ª∂ÊàñÁõÆÂΩï
[6.600s]    19 | #include [01;31m[K"haha/action/progress.hpp"[m[K
[6.601s]       |          [01;31m[K^~~~~~~~~~~~~~~~~~~~~~~~~~[m[K
[6.601s] compilation terminated.
[6.615s] gmake[2]: *** [CMakeFiles/demo01_action_server.dir/build.make:76ÔºöCMakeFiles/demo01_action_server.dir/src/demo01_action_server.cpp.o] ÈîôËØØ 1
[6.618s] gmake[1]: *** [CMakeFiles/Makefile2:592ÔºöCMakeFiles/demo01_action_server.dir/all] ÈîôËØØ 2
[6.619s] gmake[1]: *** Ê≠£Âú®Á≠âÂæÖÊú™ÂÆåÊàêÁöÑ‰ªªÂä°....
[6.668s] [35m[1mConsolidate compiler generated dependencies of target haha__rosidl_generator_py[0m
[6.725s] [ 78%] Built target haha__rosidl_generator_py
[6.764s] running egg_info
[6.767s] writing haha.egg-info/PKG-INFO
[6.768s] writing dependency_links to haha.egg-info/dependency_links.txt
[6.771s] writing top-level names to haha.egg-info/top_level.txt
[6.777s] reading manifest file 'haha.egg-info/SOURCES.txt'
[6.781s] writing manifest file 'haha.egg-info/SOURCES.txt'
[6.854s] [ 78%] Built target ament_cmake_python_build_haha_egg
[6.857s] gmake: *** [Makefile:146Ôºöall] ÈîôËØØ 2
[6.864s] Invoked command in '/home/ros2/ws01_plumbing/build/haha' returned '2': CMAKE_PREFIX_PATH=${CMAKE_PREFIX_PATH}:/home/ros2/ws01_plumbing/install/py02_service:/home/ros2/ws01_plumbing/install/py01_topic:/opt/ros/humble /usr/bin/cmake --build /home/ros2/ws01_plumbing/build/haha -- -j4 -l4
