[ 16%] [32mBuilding CXX object CMakeFiles/demo02_param_client.dir/src/demo02_param_client.cpp.o[0m
[ 50%] Built target demo00_param
[35m[1mConsolidate compiler generated dependencies of target demo01_param_server[0m
[ 83%] Built target demo01_param_server
[01m[K/home/ros2/ws01_plumbing/src/cpp04_param/src/demo02_param_client.cpp:[m[K In constructor â€˜[01m[KParamClient::ParamClient()[m[Kâ€™:
[01m[K/home/ros2/ws01_plumbing/src/cpp04_param/src/demo02_param_client.cpp:36:16:[m[K [01;31m[Kerror: [m[Kâ€˜[01m[Kpara_client_[m[Kâ€™ was not declared in this scope; did you mean â€˜[01m[Kparam_client_[m[Kâ€™?
   36 |         while(![01;31m[Kpara_client_[m[K->wait_for_service(1s)){
      |                [01;31m[K^~~~~~~~~~~~[m[K
      |                [32m[Kparam_client_[m[K
gmake[2]: *** [CMakeFiles/demo02_param_client.dir/build.make:76ï¼šCMakeFiles/demo02_param_client.dir/src/demo02_param_client.cpp.o] é”™è¯¯ 1
gmake[1]: *** [CMakeFiles/Makefile2:193ï¼šCMakeFiles/demo02_param_client.dir/all] é”™è¯¯ 2
gmake: *** [Makefile:146ï¼šall] é”™è¯¯ 2
