[0.193s] Invoking command in '/home/ros2/ws01_plumbing/build/cpp04_param': CMAKE_PREFIX_PATH=${CMAKE_PREFIX_PATH}:/home/ros2/ws01_plumbing/install/py04_param:/home/ros2/ws01_plumbing/install/py03_action:/home/ros2/ws01_plumbing/install/py02_service:/home/ros2/ws01_plumbing/install/py01_topic:/opt/ros/humble /usr/bin/cmake --build /home/ros2/ws01_plumbing/build/cpp04_param -- -j4 -l4
[2.234s] [ 16%] [32mBuilding CXX object CMakeFiles/demo02_param_client.dir/src/demo02_param_client.cpp.o[0m
[2.294s] [ 50%] Built target demo00_param
[2.313s] [35m[1mConsolidate compiler generated dependencies of target demo01_param_server[0m
[2.405s] [ 83%] Built target demo01_param_server
[14.827s] [01m[K/home/ros2/ws01_plumbing/src/cpp04_param/src/demo02_param_client.cpp:[m[K In constructor â€˜[01m[KParamClient::ParamClient()[m[Kâ€™:
[14.827s] [01m[K/home/ros2/ws01_plumbing/src/cpp04_param/src/demo02_param_client.cpp:36:16:[m[K [01;31m[Kerror: [m[Kâ€˜[01m[Kpara_client_[m[Kâ€™ was not declared in this scope; did you mean â€˜[01m[Kparam_client_[m[Kâ€™?
[14.828s]    36 |         while(![01;31m[Kpara_client_[m[K->wait_for_service(1s)){
[14.828s]       |                [01;31m[K^~~~~~~~~~~~[m[K
[14.829s]       |                [32m[Kparam_client_[m[K
[16.870s] gmake[2]: *** [CMakeFiles/demo02_param_client.dir/build.make:76ï¼šCMakeFiles/demo02_param_client.dir/src/demo02_param_client.cpp.o] é”™è¯¯ 1
[16.873s] gmake[1]: *** [CMakeFiles/Makefile2:193ï¼šCMakeFiles/demo02_param_client.dir/all] é”™è¯¯ 2
[16.873s] gmake: *** [Makefile:146ï¼šall] é”™è¯¯ 2
[16.884s] Invoked command in '/home/ros2/ws01_plumbing/build/cpp04_param' returned '2': CMAKE_PREFIX_PATH=${CMAKE_PREFIX_PATH}:/home/ros2/ws01_plumbing/install/py04_param:/home/ros2/ws01_plumbing/install/py03_action:/home/ros2/ws01_plumbing/install/py02_service:/home/ros2/ws01_plumbing/install/py01_topic:/opt/ros/humble /usr/bin/cmake --build /home/ros2/ws01_plumbing/build/cpp04_param -- -j4 -l4
