[0.199s] Invoking command in '/home/ros2/ws01_plumbing/build/cpp02_service': CMAKE_PREFIX_PATH=/home/ros2/ws01_plumbing/install/base_interfaces_demo:/home/ros2/ws01_plumbing/install/cpp02_service:/home/ros2/ws01_plumbing/install/cpp01_topic:/home/ros2/ws01_plumbing/install/py01_topic:/opt/ros/humble /usr/bin/cmake --build /home/ros2/ws01_plumbing/build/cpp02_service -- -j4 -l4
[1.159s] [35m[1mConsolidate compiler generated dependencies of target demo02_client[0m
[1.190s] [ 50%] Built target demo01_server
[1.236s] [ 75%] [32mBuilding CXX object CMakeFiles/demo02_client.dir/src/demo02_client.cpp.o[0m
[12.082s] [01m[K/home/ros2/ws01_plumbing/src/cpp02_service/src/demo02_client.cpp:[m[K In member function â€˜[01m[Krclcpp::Client<base_interfaces_demo::srv::AddInts>::FutureAndRequestId AddIntsClient::send_request(int, int)[m[Kâ€™:
[12.083s] [01m[K/home/ros2/ws01_plumbing/src/cpp02_service/src/demo02_client.cpp:75:9:[m[K [01;31m[Kerror: [m[Kâ€˜[01m[Krequest[m[Kâ€™ was not declared in this scope; did you mean â€˜[01m[Kreuqest[m[Kâ€™?
[12.083s]    75 |         [01;31m[Krequest[m[K->num1 = num1;
[12.083s]       |         [01;31m[K^~~~~~~[m[K
[12.083s]       |         [32m[Kreuqest[m[K
[14.438s] gmake[2]: *** [CMakeFiles/demo02_client.dir/build.make:76ï¼šCMakeFiles/demo02_client.dir/src/demo02_client.cpp.o] é”™è¯¯ 1
[14.441s] gmake[1]: *** [CMakeFiles/Makefile2:165ï¼šCMakeFiles/demo02_client.dir/all] é”™è¯¯ 2
[14.442s] gmake: *** [Makefile:146ï¼šall] é”™è¯¯ 2
[14.450s] Invoked command in '/home/ros2/ws01_plumbing/build/cpp02_service' returned '2': CMAKE_PREFIX_PATH=/home/ros2/ws01_plumbing/install/base_interfaces_demo:/home/ros2/ws01_plumbing/install/cpp02_service:/home/ros2/ws01_plumbing/install/cpp01_topic:/home/ros2/ws01_plumbing/install/py01_topic:/opt/ros/humble /usr/bin/cmake --build /home/ros2/ws01_plumbing/build/cpp02_service -- -j4 -l4
