[0.040s] Invoking command in '/home/ros2/ws01_plumbing/build/cpp04_param': CMAKE_PREFIX_PATH=${CMAKE_PREFIX_PATH}:/home/ros2/ws01_plumbing/install/py04_param:/home/ros2/ws01_plumbing/install/py03_action:/home/ros2/ws01_plumbing/install/py02_service:/home/ros2/ws01_plumbing/install/py01_topic:/opt/ros/humble /usr/bin/cmake --build /home/ros2/ws01_plumbing/build/cpp04_param -- -j4 -l4
[0.176s] [35m[1mConsolidate compiler generated dependencies of target demo02_param_client[0m
[0.230s] [ 33%] Built target demo01_param_server
[0.239s] [ 66%] Built target demo00_param
[0.251s] [ 83%] [32mBuilding CXX object CMakeFiles/demo02_param_client.dir/src/demo02_param_client.cpp.o[0m
[6.546s] [01m[K/home/ros2/ws01_plumbing/src/cpp04_param/src/demo02_param_client.cpp:[m[K In constructor â€˜[01m[KParamClient::ParamClient()[m[Kâ€™:
[6.547s] [01m[K/home/ros2/ws01_plumbing/src/cpp04_param/src/demo02_param_client.cpp:20:97:[m[K [01;31m[Kerror: [m[Kno match for â€˜[01m[Koperator=[m[Kâ€™ (operand types are â€˜[01m[Krclcpp::AsyncParametersClient::SharedPtr[m[Kâ€™ {aka â€˜[01m[Kstd::shared_ptr<rclcpp::AsyncParametersClient>[m[Kâ€™} and â€˜[01m[Kstd::shared_ptr<rclcpp::SyncParametersClient>[m[Kâ€™)
[6.548s]    20 |         paramClient = std::make_shared<rclcpp::SyncParametersClient>(this,"minimal_param_server"[01;31m[K)[m[K;
[6.548s]       |                                                                                                 [01;31m[K^[m[K
[6.561s] In file included from [01m[K/usr/include/c++/11/memory:77[m[K,
[6.562s]                  from [01m[K/opt/ros/humble/include/rclcpp/rclcpp/rclcpp.hpp:153[m[K,
[6.562s]                  from [01m[K/home/ros2/ws01_plumbing/src/cpp04_param/src/demo02_param_client.cpp:12[m[K:
[6.562s] [01m[K/usr/include/c++/11/bits/shared_ptr.h:363:9:[m[K [01;36m[Knote: [m[Kcandidate: â€˜[01m[Ktemplate<class _Yp> std::shared_ptr<_Tp>::_Assignable<const std::shared_ptr<_Yp>&> std::shared_ptr<_Tp>::operator=(const std::shared_ptr<_Yp>&) [with _Yp = _Yp; _Tp = rclcpp::AsyncParametersClient][m[Kâ€™
[6.562s]   363 |         [01;36m[Koperator[m[K=(const shared_ptr<_Yp>& __r) noexcept
[6.563s]       |         [01;36m[K^~~~~~~~[m[K
[6.563s] [01m[K/usr/include/c++/11/bits/shared_ptr.h:363:9:[m[K [01;36m[Knote: [m[K  template argument deduction/substitution failed:
[6.563s] /usr/include/c++/11/bits/shared_ptr.h: In substitution of â€˜[01m[Ktemplate<class _Tp> template<class _Arg> using _Assignable = typename std::enable_if<std::is_assignable<std::__shared_ptr<_Tp>&, _Arg>::value, std::shared_ptr<_Tp>&>::type [with _Arg = const std::shared_ptr<rclcpp::SyncParametersClient>&; _Tp = rclcpp::AsyncParametersClient][m[Kâ€™:
[6.563s] [01m[K/usr/include/c++/11/bits/shared_ptr.h:363:2:[m[K   required by substitution of â€˜[01m[Ktemplate<class _Yp> std::shared_ptr<rclcpp::AsyncParametersClient>::_Assignable<const std::shared_ptr<_Tp>&> std::shared_ptr<rclcpp::AsyncParametersClient>::operator=<_Yp>(const std::shared_ptr<_Tp>&) [with _Yp = rclcpp::SyncParametersClient][m[Kâ€™
[6.563s] [01m[K/home/ros2/ws01_plumbing/src/cpp04_param/src/demo02_param_client.cpp:20:97:[m[K   required from here
[6.563s] [01m[K/usr/include/c++/11/bits/shared_ptr.h:130:15:[m[K [01;31m[Kerror: [m[Kno type named â€˜[01m[Ktype[m[Kâ€™ in â€˜[01m[Kstruct std::enable_if<false, std::shared_ptr<rclcpp::AsyncParametersClient>&>[m[Kâ€™
[6.564s]   130 |         using [01;31m[K_Assignable[m[K = typename enable_if<
[6.564s]       |               [01;31m[K^~~~~~~~~~~[m[K
[6.564s] [01m[K/usr/include/c++/11/bits/shared_ptr.h:374:9:[m[K [01;36m[Knote: [m[Kcandidate: â€˜[01m[Ktemplate<class _Yp> std::shared_ptr<_Tp>::_Assignable<std::auto_ptr<_Up> > std::shared_ptr<_Tp>::operator=(std::auto_ptr<_Up>&&) [with _Yp = _Yp; _Tp = rclcpp::AsyncParametersClient][m[Kâ€™
[6.564s]   374 |         [01;36m[Koperator[m[K=(auto_ptr<_Yp>&& __r)
[6.564s]       |         [01;36m[K^~~~~~~~[m[K
[6.564s] [01m[K/usr/include/c++/11/bits/shared_ptr.h:374:9:[m[K [01;36m[Knote: [m[K  template argument deduction/substitution failed:
[6.564s] [01m[K/home/ros2/ws01_plumbing/src/cpp04_param/src/demo02_param_client.cpp:20:97:[m[K [01;36m[Knote: [m[K  â€˜[01m[Kstd::shared_ptr<rclcpp::SyncParametersClient>[m[Kâ€™ is not derived from â€˜[01m[Kstd::auto_ptr<_Up>[m[Kâ€™
[6.565s]    20 |         paramClient = std::make_shared<rclcpp::SyncParametersClient>(this,"minimal_param_server"[01;36m[K)[m[K;
[6.565s]       |                                                                                                 [01;36m[K^[m[K
[6.565s] In file included from [01m[K/usr/include/c++/11/memory:77[m[K,
[6.565s]                  from [01m[K/opt/ros/humble/include/rclcpp/rclcpp/rclcpp.hpp:153[m[K,
[6.565s]                  from [01m[K/home/ros2/ws01_plumbing/src/cpp04_param/src/demo02_param_client.cpp:12[m[K:
[6.565s] [01m[K/usr/include/c++/11/bits/shared_ptr.h:391:9:[m[K [01;36m[Knote: [m[Kcandidate: â€˜[01m[Ktemplate<class _Yp> std::shared_ptr<_Tp>::_Assignable<std::shared_ptr<_Yp> > std::shared_ptr<_Tp>::operator=(std::shared_ptr<_Yp>&&) [with _Yp = _Yp; _Tp = rclcpp::AsyncParametersClient][m[Kâ€™
[6.565s]   391 |         [01;36m[Koperator[m[K=(shared_ptr<_Yp>&& __r) noexcept
[6.566s]       |         [01;36m[K^~~~~~~~[m[K
[6.566s] [01m[K/usr/include/c++/11/bits/shared_ptr.h:391:9:[m[K [01;36m[Knote: [m[K  template argument deduction/substitution failed:
[6.566s] /usr/include/c++/11/bits/shared_ptr.h: In substitution of â€˜[01m[Ktemplate<class _Tp> template<class _Arg> using _Assignable = typename std::enable_if<std::is_assignable<std::__shared_ptr<_Tp>&, _Arg>::value, std::shared_ptr<_Tp>&>::type [with _Arg = std::shared_ptr<rclcpp::SyncParametersClient>; _Tp = rclcpp::AsyncParametersClient][m[Kâ€™:
[6.567s] [01m[K/usr/include/c++/11/bits/shared_ptr.h:391:2:[m[K   required by substitution of â€˜[01m[Ktemplate<class _Yp> std::shared_ptr<rclcpp::AsyncParametersClient>::_Assignable<std::shared_ptr<_Tp> > std::shared_ptr<rclcpp::AsyncParametersClient>::operator=<_Yp>(std::shared_ptr<_Tp>&&) [with _Yp = rclcpp::SyncParametersClient][m[Kâ€™
[6.567s] [01m[K/home/ros2/ws01_plumbing/src/cpp04_param/src/demo02_param_client.cpp:20:97:[m[K   required from here
[6.567s] [01m[K/usr/include/c++/11/bits/shared_ptr.h:130:15:[m[K [01;31m[Kerror: [m[Kno type named â€˜[01m[Ktype[m[Kâ€™ in â€˜[01m[Kstruct std::enable_if<false, std::shared_ptr<rclcpp::AsyncParametersClient>&>[m[Kâ€™
[6.567s]   130 |         using [01;31m[K_Assignable[m[K = typename enable_if<
[6.567s]       |               [01;31m[K^~~~~~~~~~~[m[K
[6.567s] [01m[K/usr/include/c++/11/bits/shared_ptr.h:399:9:[m[K [01;36m[Knote: [m[Kcandidate: â€˜[01m[Ktemplate<class _Yp, class _Del> std::shared_ptr<_Tp>::_Assignable<std::unique_ptr<_Up, _Ep> > std::shared_ptr<_Tp>::operator=(std::unique_ptr<_Up, _Ep>&&) [with _Yp = _Yp; _Del = _Del; _Tp = rclcpp::AsyncParametersClient][m[Kâ€™
[6.568s]   399 |         [01;36m[Koperator[m[K=(unique_ptr<_Yp, _Del>&& __r)
[6.568s]       |         [01;36m[K^~~~~~~~[m[K
[6.568s] [01m[K/usr/include/c++/11/bits/shared_ptr.h:399:9:[m[K [01;36m[Knote: [m[K  template argument deduction/substitution failed:
[6.569s] [01m[K/home/ros2/ws01_plumbing/src/cpp04_param/src/demo02_param_client.cpp:20:97:[m[K [01;36m[Knote: [m[K  â€˜[01m[Kstd::shared_ptr<rclcpp::SyncParametersClient>[m[Kâ€™ is not derived from â€˜[01m[Kstd::unique_ptr<_Tp, _Dp>[m[Kâ€™
[6.569s]    20 |         paramClient = std::make_shared<rclcpp::SyncParametersClient>(this,"minimal_param_server"[01;36m[K)[m[K;
[6.569s]       |                                                                                                 [01;36m[K^[m[K
[6.569s] In file included from [01m[K/usr/include/c++/11/memory:77[m[K,
[6.569s]                  from [01m[K/opt/ros/humble/include/rclcpp/rclcpp/rclcpp.hpp:153[m[K,
[6.571s]                  from [01m[K/home/ros2/ws01_plumbing/src/cpp04_param/src/demo02_param_client.cpp:12[m[K:
[6.571s] [01m[K/usr/include/c++/11/bits/shared_ptr.h:359:19:[m[K [01;36m[Knote: [m[Kcandidate: â€˜[01m[Kstd::shared_ptr<_Tp>& std::shared_ptr<_Tp>::operator=(const std::shared_ptr<_Tp>&) [with _Tp = rclcpp::AsyncParametersClient][m[Kâ€™
[6.572s]   359 |       shared_ptr& [01;36m[Koperator[m[K=(const shared_ptr&) noexcept = default;
[6.572s]       |                   [01;36m[K^~~~~~~~[m[K
[6.573s] [01m[K/usr/include/c++/11/bits/shared_ptr.h:359:29:[m[K [01;36m[Knote: [m[K  no known conversion for argument 1 from â€˜[01m[Kstd::shared_ptr<rclcpp::SyncParametersClient>[m[Kâ€™ to â€˜[01m[Kconst std::shared_ptr<rclcpp::AsyncParametersClient>&[m[Kâ€™
[6.573s]   359 |       shared_ptr& operator=([01;36m[Kconst shared_ptr&[m[K) noexcept = default;
[6.573s]       |                             [01;36m[K^~~~~~~~~~~~~~~~~[m[K
[6.573s] [01m[K/usr/include/c++/11/bits/shared_ptr.h:383:7:[m[K [01;36m[Knote: [m[Kcandidate: â€˜[01m[Kstd::shared_ptr<_Tp>& std::shared_ptr<_Tp>::operator=(std::shared_ptr<_Tp>&&) [with _Tp = rclcpp::AsyncParametersClient][m[Kâ€™
[6.573s]   383 |       [01;36m[Koperator[m[K=(shared_ptr&& __r) noexcept
[6.573s]       |       [01;36m[K^~~~~~~~[m[K
[6.574s] [01m[K/usr/include/c++/11/bits/shared_ptr.h:383:30:[m[K [01;36m[Knote: [m[K  no known conversion for argument 1 from â€˜[01m[Kstd::shared_ptr<rclcpp::SyncParametersClient>[m[Kâ€™ to â€˜[01m[Kstd::shared_ptr<rclcpp::AsyncParametersClient>&&[m[Kâ€™
[6.574s]   383 |       operator=([01;36m[Kshared_ptr&& __r[m[K) noexcept
[6.575s]       |                 [01;36m[K~~~~~~~~~~~~~^~~[m[K
[6.590s] [01m[K/home/ros2/ws01_plumbing/src/cpp04_param/src/demo02_param_client.cpp:[m[K In function â€˜[01m[Kint main(int, const char**)[m[Kâ€™:
[6.591s] [01m[K/home/ros2/ws01_plumbing/src/cpp04_param/src/demo02_param_client.cpp:50:9:[m[K [01;31m[Kerror: [m[Kreturn-statement with no value, in function returning â€˜[01m[Kint[m[Kâ€™ [[01;31m[K]8;;https://gcc.gnu.org/onlinedocs/gcc/Warning-Options.html#index-fpermissive-fpermissive]8;;[m[K]
[6.591s]    50 |         [01;31m[Kreturn[m[K;
[6.591s]       |         [01;31m[K^~~~~~[m[K
[6.591s] [01m[K/home/ros2/ws01_plumbing/src/cpp04_param/src/demo02_param_client.cpp:53:17:[m[K [01;31m[Kerror: [m[Kno matching function for call to â€˜[01m[Kspin()[m[Kâ€™
[6.592s]    53 |     [01;31m[Krclcpp::spin()[m[K;
[6.592s]       |     [01;31m[K~~~~~~~~~~~~^~[m[K
[6.592s] In file included from [01m[K/opt/ros/humble/include/rclcpp/rclcpp/rclcpp.hpp:155[m[K,
[6.592s]                  from [01m[K/home/ros2/ws01_plumbing/src/cpp04_param/src/demo02_param_client.cpp:12[m[K:
[6.592s] [01m[K/opt/ros/humble/include/rclcpp/rclcpp/executors.hpp:45:1:[m[K [01;36m[Knote: [m[Kcandidate: â€˜[01m[Kvoid rclcpp::spin(rclcpp::node_interfaces::NodeBaseInterface::SharedPtr)[m[Kâ€™
[6.593s]    45 | [01;36m[Kspin[m[K(rclcpp::node_interfaces::NodeBaseInterface::SharedPtr node_ptr);
[6.593s]       | [01;36m[K^~~~[m[K
[6.596s] [01m[K/opt/ros/humble/include/rclcpp/rclcpp/executors.hpp:45:1:[m[K [01;36m[Knote: [m[K  candidate expects 1 argument, 0 provided
[6.597s] [01m[K/opt/ros/humble/include/rclcpp/rclcpp/executors.hpp:49:1:[m[K [01;36m[Knote: [m[Kcandidate: â€˜[01m[Kvoid rclcpp::spin(rclcpp::Node::SharedPtr)[m[Kâ€™
[6.597s]    49 | [01;36m[Kspin[m[K(rclcpp::Node::SharedPtr node_ptr);
[6.597s]       | [01;36m[K^~~~[m[K
[6.597s] [01m[K/opt/ros/humble/include/rclcpp/rclcpp/executors.hpp:49:1:[m[K [01;36m[Knote: [m[K  candidate expects 1 argument, 0 provided
[7.861s] gmake[2]: *** [CMakeFiles/demo02_param_client.dir/build.make:76ï¼šCMakeFiles/demo02_param_client.dir/src/demo02_param_client.cpp.o] é”™è¯¯ 1
[7.864s] gmake[1]: *** [CMakeFiles/Makefile2:193ï¼šCMakeFiles/demo02_param_client.dir/all] é”™è¯¯ 2
[7.872s] gmake: *** [Makefile:146ï¼šall] é”™è¯¯ 2
[7.872s] Invoked command in '/home/ros2/ws01_plumbing/build/cpp04_param' returned '2': CMAKE_PREFIX_PATH=${CMAKE_PREFIX_PATH}:/home/ros2/ws01_plumbing/install/py04_param:/home/ros2/ws01_plumbing/install/py03_action:/home/ros2/ws01_plumbing/install/py02_service:/home/ros2/ws01_plumbing/install/py01_topic:/opt/ros/humble /usr/bin/cmake --build /home/ros2/ws01_plumbing/build/cpp04_param -- -j4 -l4
