[0.106s] Invoking command in '/home/ros2/ws01_plumbing/build/cpp02_service': CMAKE_PREFIX_PATH=/home/ros2/ws01_plumbing/install/base_interfaces_demo:/home/ros2/ws01_plumbing/install/cpp02_service:/home/ros2/ws01_plumbing/install/cpp01_topic:/home/ros2/ws01_plumbing/install/py01_topic:/opt/ros/humble /usr/bin/cmake --build /home/ros2/ws01_plumbing/build/cpp02_service -- -j4 -l4
[0.507s] [35m[1mConsolidate compiler generated dependencies of target demo02_client[0m
[0.529s] [ 50%] Built target demo01_server
[0.594s] [ 75%] [32mBuilding CXX object CMakeFiles/demo02_client.dir/src/demo02_client.cpp.o[0m
[12.007s] [01m[K/home/ros2/ws01_plumbing/src/cpp02_service/src/demo02_client.cpp:[m[K In function â€˜[01m[Kint main(int, const char**)[m[Kâ€™:
[12.008s] [01m[K/home/ros2/ws01_plumbing/src/cpp02_service/src/demo02_client.cpp:79:9:[m[K [01;31m[Kerror: [m[Kexpected â€˜[01m[K;[m[Kâ€™ before â€˜[01m[Kreturn[m[Kâ€™
[12.008s]    79 |         [01;31m[Kreturn[m[K 0;
[12.008s]       |         [01;31m[K^~~~~~[m[K
[14.866s] gmake[2]: *** [CMakeFiles/demo02_client.dir/build.make:76ï¼šCMakeFiles/demo02_client.dir/src/demo02_client.cpp.o] é”™è¯¯ 1
[14.867s] gmake[1]: *** [CMakeFiles/Makefile2:165ï¼šCMakeFiles/demo02_client.dir/all] é”™è¯¯ 2
[14.868s] gmake: *** [Makefile:146ï¼šall] é”™è¯¯ 2
[14.874s] Invoked command in '/home/ros2/ws01_plumbing/build/cpp02_service' returned '2': CMAKE_PREFIX_PATH=/home/ros2/ws01_plumbing/install/base_interfaces_demo:/home/ros2/ws01_plumbing/install/cpp02_service:/home/ros2/ws01_plumbing/install/cpp01_topic:/home/ros2/ws01_plumbing/install/py01_topic:/opt/ros/humble /usr/bin/cmake --build /home/ros2/ws01_plumbing/build/cpp02_service -- -j4 -l4
