[0.052s] Invoking command in '/home/ros2/ws01_plumbing/build/cpp04_param': CMAKE_PREFIX_PATH=${CMAKE_PREFIX_PATH}:/home/ros2/ws01_plumbing/install/py04_param:/home/ros2/ws01_plumbing/install/py03_action:/home/ros2/ws01_plumbing/install/py02_service:/home/ros2/ws01_plumbing/install/py01_topic:/opt/ros/humble /usr/bin/cmake --build /home/ros2/ws01_plumbing/build/cpp04_param -- -j4 -l4
[0.264s] [35m[1mConsolidate compiler generated dependencies of target demo01_param_server[0m
[0.323s] [ 33%] Built target demo02_param_client
[0.328s] [ 66%] Built target demo00_param
[0.349s] [ 83%] [32mBuilding CXX object CMakeFiles/demo01_param_server.dir/src/demo01_param_server.cpp.o[0m
[10.534s] [01m[K/home/ros2/ws01_plumbing/src/cpp04_param/src/demo01_param_server.cpp:[m[K In member function â€˜[01m[Kvoid ParamServer::declare_param()[m[Kâ€™:
[10.534s] [01m[K/home/ros2/ws01_plumbing/src/cpp04_param/src/demo01_param_server.cpp:31:28:[m[K [01;31m[Kerror: [m[Kno matching function for call to â€˜[01m[KParamServer::set_parameter(const char [7], double)[m[Kâ€™
[10.534s]    31 |         [01;31m[Kthis->set_parameter("height", 2.70)[m[K;
[10.534s]       |         [01;31m[K~~~~~~~~~~~~~~~~~~~^~~~~~~~~~~~~~~~[m[K
[10.535s] In file included from [01m[K/opt/ros/humble/include/rclcpp/rclcpp/executors/single_threaded_executor.hpp:28[m[K,
[10.535s]                  from [01m[K/opt/ros/humble/include/rclcpp/rclcpp/executors.hpp:22[m[K,
[10.535s]                  from [01m[K/opt/ros/humble/include/rclcpp/rclcpp/rclcpp.hpp:155[m[K,
[10.535s]                  from [01m[K/home/ros2/ws01_plumbing/src/cpp04_param/src/demo01_param_server.cpp:15[m[K:
[10.535s] [01m[K/opt/ros/humble/include/rclcpp/rclcpp/node.hpp:555:3:[m[K [01;36m[Knote: [m[Kcandidate: â€˜[01m[Krcl_interfaces::msg::SetParametersResult rclcpp::Node::set_parameter(const rclcpp::Parameter&)[m[Kâ€™
[10.536s]   555 |   [01;36m[Kset_parameter[m[K(const rclcpp::Parameter & parameter);
[10.536s]       |   [01;36m[K^~~~~~~~~~~~~[m[K
[10.546s] [01m[K/opt/ros/humble/include/rclcpp/rclcpp/node.hpp:555:3:[m[K [01;36m[Knote: [m[K  candidate expects 1 argument, 2 provided
[12.616s] gmake[2]: *** [CMakeFiles/demo01_param_server.dir/build.make:76ï¼šCMakeFiles/demo01_param_server.dir/src/demo01_param_server.cpp.o] é”™è¯¯ 1
[12.617s] gmake[1]: *** [CMakeFiles/Makefile2:167ï¼šCMakeFiles/demo01_param_server.dir/all] é”™è¯¯ 2
[12.618s] gmake: *** [Makefile:146ï¼šall] é”™è¯¯ 2
[12.629s] Invoked command in '/home/ros2/ws01_plumbing/build/cpp04_param' returned '2': CMAKE_PREFIX_PATH=${CMAKE_PREFIX_PATH}:/home/ros2/ws01_plumbing/install/py04_param:/home/ros2/ws01_plumbing/install/py03_action:/home/ros2/ws01_plumbing/install/py02_service:/home/ros2/ws01_plumbing/install/py01_topic:/opt/ros/humble /usr/bin/cmake --build /home/ros2/ws01_plumbing/build/cpp04_param -- -j4 -l4
