[0.111s] Invoking command in '/home/ros2/ws01_plumbing/build/turtlesim': CMAKE_PREFIX_PATH=${CMAKE_PREFIX_PATH}:/home/ros2/ws01_plumbing/install/py06_time:/home/ros2/ws01_plumbing/install/py05_names:/home/ros2/ws01_plumbing/install/py04_param:/home/ros2/ws01_plumbing/install/py03_action:/home/ros2/ws01_plumbing/install/py02_service:/home/ros2/ws01_plumbing/install/py01_topic:/opt/ros/humble /usr/bin/cmake --build /home/ros2/ws01_plumbing/build/turtlesim -- -j4 -l4
[0.789s] [  1%] Built target turtlesim__cpp
[0.910s] [ 11%] Built target turtlesim__rosidl_generator_c
[1.169s] [ 21%] Built target turtlesim__rosidl_typesupport_cpp
[1.181s] [ 31%] Built target turtlesim__rosidl_typesupport_fastrtps_cpp
[1.216s] [ 41%] Built target turtlesim__rosidl_typesupport_introspection_cpp
[1.315s] [ 41%] Built target ament_cmake_python_copy_turtlesim
[1.390s] [ 51%] Built target turtlesim__rosidl_typesupport_introspection_c
[1.478s] [ 61%] Built target turtlesim__rosidl_typesupport_fastrtps_c
[1.478s] [ 71%] Built target turtlesim__rosidl_typesupport_c
[1.596s] [35m[1mConsolidate compiler generated dependencies of target turtlesim_node[0m
[1.652s] [ 73%] Built target turtle_teleop_key
[1.719s] [ 75%] Built target draw_square
[1.743s] [ 77%] Built target mimic
[1.854s] [ 83%] Built target turtlesim_node
[1.854s] [ 83%] Built target turtlesim
[2.001s] [ 84%] Built target turtlesim__py
[2.265s] [ 93%] Built target turtlesim__rosidl_generator_py
[2.522s] [ 95%] Built target turtlesim__rosidl_typesupport_fastrtps_c__pyext
[2.554s] [ 97%] Built target turtlesim__rosidl_typesupport_introspection_c__pyext
[2.576s] [100%] Built target turtlesim__rosidl_typesupport_c__pyext
[3.414s] running egg_info
[3.419s] writing turtlesim.egg-info/PKG-INFO
[3.422s] writing dependency_links to turtlesim.egg-info/dependency_links.txt
[3.426s] writing top-level names to turtlesim.egg-info/top_level.txt
[3.465s] reading manifest file 'turtlesim.egg-info/SOURCES.txt'
[3.472s] writing manifest file 'turtlesim.egg-info/SOURCES.txt'
[3.631s] [100%] Built target ament_cmake_python_build_turtlesim_egg
[3.683s] Invoked command in '/home/ros2/ws01_plumbing/build/turtlesim' returned '0': CMAKE_PREFIX_PATH=${CMAKE_PREFIX_PATH}:/home/ros2/ws01_plumbing/install/py06_time:/home/ros2/ws01_plumbing/install/py05_names:/home/ros2/ws01_plumbing/install/py04_param:/home/ros2/ws01_plumbing/install/py03_action:/home/ros2/ws01_plumbing/install/py02_service:/home/ros2/ws01_plumbing/install/py01_topic:/opt/ros/humble /usr/bin/cmake --build /home/ros2/ws01_plumbing/build/turtlesim -- -j4 -l4
[5.216s] Invoking command in '/home/ros2/ws01_plumbing/build/turtlesim': CMAKE_PREFIX_PATH=${CMAKE_PREFIX_PATH}:/home/ros2/ws01_plumbing/install/py06_time:/home/ros2/ws01_plumbing/install/py05_names:/home/ros2/ws01_plumbing/install/py04_param:/home/ros2/ws01_plumbing/install/py03_action:/home/ros2/ws01_plumbing/install/py02_service:/home/ros2/ws01_plumbing/install/py01_topic:/opt/ros/humble /usr/bin/cmake --install /home/ros2/ws01_plumbing/build/turtlesim
[5.249s] -- Install configuration: ""
[5.252s] -- Installing: /home/ros2/ws01_plumbing/install/turtlesim/share/ament_index/resource_index/rosidl_interfaces/turtlesim
[5.267s] -- Installing: /home/ros2/ws01_plumbing/install/turtlesim/include/turtlesim/turtlesim
[5.270s] -- Installing: /home/ros2/ws01_plumbing/install/turtlesim/include/turtlesim/turtlesim/action
[5.270s] -- Installing: /home/ros2/ws01_plumbing/install/turtlesim/include/turtlesim/turtlesim/action/detail
[5.270s] -- Installing: /home/ros2/ws01_plumbing/install/turtlesim/include/turtlesim/turtlesim/action/detail/rotate_absolute__struct.h
[5.272s] -- Installing: /home/ros2/ws01_plumbing/install/turtlesim/include/turtlesim/turtlesim/action/detail/rotate_absolute__type_support.h
[5.282s] -- Installing: /home/ros2/ws01_plumbing/install/turtlesim/include/turtlesim/turtlesim/action/detail/rotate_absolute__functions.c
[5.290s] -- Installing: /home/ros2/ws01_plumbing/install/turtlesim/include/turtlesim/turtlesim/action/detail/rotate_absolute__functions.h
[5.295s] -- Installing: /home/ros2/ws01_plumbing/install/turtlesim/include/turtlesim/turtlesim/action/rotate_absolute.h
[5.297s] -- Installing: /home/ros2/ws01_plumbing/install/turtlesim/include/turtlesim/turtlesim/msg
[5.298s] -- Installing: /home/ros2/ws01_plumbing/install/turtlesim/include/turtlesim/turtlesim/msg/detail
[5.299s] -- Installing: /home/ros2/ws01_plumbing/install/turtlesim/include/turtlesim/turtlesim/msg/detail/color__functions.h
[5.308s] -- Installing: /home/ros2/ws01_plumbing/install/turtlesim/include/turtlesim/turtlesim/msg/detail/pose__struct.h
[5.319s] -- Installing: /home/ros2/ws01_plumbing/install/turtlesim/include/turtlesim/turtlesim/msg/detail/color__type_support.h
[5.330s] -- Installing: /home/ros2/ws01_plumbing/install/turtlesim/include/turtlesim/turtlesim/msg/detail/color__struct.h
[5.331s] -- Installing: /home/ros2/ws01_plumbing/install/turtlesim/include/turtlesim/turtlesim/msg/detail/pose__functions.c
[5.347s] -- Installing: /home/ros2/ws01_plumbing/install/turtlesim/include/turtlesim/turtlesim/msg/detail/color__functions.c
[5.361s] -- Installing: /home/ros2/ws01_plumbing/install/turtlesim/include/turtlesim/turtlesim/msg/detail/pose__type_support.h
[5.362s] -- Installing: /home/ros2/ws01_plumbing/install/turtlesim/include/turtlesim/turtlesim/msg/detail/pose__functions.h
[5.365s] -- Installing: /home/ros2/ws01_plumbing/install/turtlesim/include/turtlesim/turtlesim/msg/pose.h
[5.366s] -- Installing: /home/ros2/ws01_plumbing/install/turtlesim/include/turtlesim/turtlesim/msg/color.h
[5.370s] -- Installing: /home/ros2/ws01_plumbing/install/turtlesim/include/turtlesim/turtlesim/msg/rosidl_generator_c__visibility_control.h
[5.376s] -- Installing: /home/ros2/ws01_plumbing/install/turtlesim/include/turtlesim/turtlesim/srv
[5.379s] -- Installing: /home/ros2/ws01_plumbing/install/turtlesim/include/turtlesim/turtlesim/srv/kill.h
[5.379s] -- Installing: /home/ros2/ws01_plumbing/install/turtlesim/include/turtlesim/turtlesim/srv/set_pen.h
[5.382s] -- Installing: /home/ros2/ws01_plumbing/install/turtlesim/include/turtlesim/turtlesim/srv/detail
[5.383s] -- Installing: /home/ros2/ws01_plumbing/install/turtlesim/include/turtlesim/turtlesim/srv/detail/set_pen__functions.h
[5.397s] -- Installing: /home/ros2/ws01_plumbing/install/turtlesim/include/turtlesim/turtlesim/srv/detail/teleport_absolute__type_support.h
[5.399s] -- Installing: /home/ros2/ws01_plumbing/install/turtlesim/include/turtlesim/turtlesim/srv/detail/teleport_absolute__functions.h
[5.402s] -- Installing: /home/ros2/ws01_plumbing/install/turtlesim/include/turtlesim/turtlesim/srv/detail/spawn__functions.h
[5.404s] -- Installing: /home/ros2/ws01_plumbing/install/turtlesim/include/turtlesim/turtlesim/srv/detail/spawn__functions.c
[5.408s] -- Installing: /home/ros2/ws01_plumbing/install/turtlesim/include/turtlesim/turtlesim/srv/detail/teleport_absolute__struct.h
[5.410s] -- Installing: /home/ros2/ws01_plumbing/install/turtlesim/include/turtlesim/turtlesim/srv/detail/kill__functions.c
[5.412s] -- Installing: /home/ros2/ws01_plumbing/install/turtlesim/include/turtlesim/turtlesim/srv/detail/set_pen__functions.c
[5.414s] -- Installing: /home/ros2/ws01_plumbing/install/turtlesim/include/turtlesim/turtlesim/srv/detail/teleport_absolute__functions.c
[5.417s] -- Installing: /home/ros2/ws01_plumbing/install/turtlesim/include/turtlesim/turtlesim/srv/detail/teleport_relative__functions.h
[5.418s] -- Installing: /home/ros2/ws01_plumbing/install/turtlesim/include/turtlesim/turtlesim/srv/detail/teleport_relative__struct.h
[5.419s] -- Installing: /home/ros2/ws01_plumbing/install/turtlesim/include/turtlesim/turtlesim/srv/detail/spawn__struct.h
[5.424s] -- Installing: /home/ros2/ws01_plumbing/install/turtlesim/include/turtlesim/turtlesim/srv/detail/teleport_relative__functions.c
[5.426s] -- Installing: /home/ros2/ws01_plumbing/install/turtlesim/include/turtlesim/turtlesim/srv/detail/spawn__type_support.h
[5.427s] -- Installing: /home/ros2/ws01_plumbing/install/turtlesim/include/turtlesim/turtlesim/srv/detail/set_pen__struct.h
[5.429s] -- Installing: /home/ros2/ws01_plumbing/install/turtlesim/include/turtlesim/turtlesim/srv/detail/kill__struct.h
[5.430s] -- Installing: /home/ros2/ws01_plumbing/install/turtlesim/include/turtlesim/turtlesim/srv/detail/set_pen__type_support.h
[5.432s] -- Installing: /home/ros2/ws01_plumbing/install/turtlesim/include/turtlesim/turtlesim/srv/detail/kill__functions.h
[5.434s] -- Installing: /home/ros2/ws01_plumbing/install/turtlesim/include/turtlesim/turtlesim/srv/detail/teleport_relative__type_support.h
[5.436s] -- Installing: /home/ros2/ws01_plumbing/install/turtlesim/include/turtlesim/turtlesim/srv/detail/kill__type_support.h
[5.438s] -- Installing: /home/ros2/ws01_plumbing/install/turtlesim/include/turtlesim/turtlesim/srv/teleport_relative.h
[5.440s] -- Installing: /home/ros2/ws01_plumbing/install/turtlesim/include/turtlesim/turtlesim/srv/teleport_absolute.h
[5.441s] -- Installing: /home/ros2/ws01_plumbing/install/turtlesim/include/turtlesim/turtlesim/srv/spawn.h
[5.443s] -- Installing: /home/ros2/ws01_plumbing/install/turtlesim/share/turtlesim/environment/library_path.sh
[5.455s] -- Installing: /home/ros2/ws01_plumbing/install/turtlesim/share/turtlesim/environment/library_path.dsv
[5.457s] -- Installing: /home/ros2/ws01_plumbing/install/turtlesim/lib/libturtlesim__rosidl_generator_c.so
[5.468s] -- Set runtime path of "/home/ros2/ws01_plumbing/install/turtlesim/lib/libturtlesim__rosidl_generator_c.so" to ""
[5.470s] -- Up-to-date: /home/ros2/ws01_plumbing/install/turtlesim/include/turtlesim/turtlesim
[5.471s] -- Up-to-date: /home/ros2/ws01_plumbing/install/turtlesim/include/turtlesim/turtlesim/action
[5.472s] -- Up-to-date: /home/ros2/ws01_plumbing/install/turtlesim/include/turtlesim/turtlesim/action/detail
[5.472s] -- Installing: /home/ros2/ws01_plumbing/install/turtlesim/include/turtlesim/turtlesim/action/detail/rotate_absolute__rosidl_typesupport_fastrtps_c.h
[5.474s] -- Up-to-date: /home/ros2/ws01_plumbing/install/turtlesim/include/turtlesim/turtlesim/msg
[5.475s] -- Up-to-date: /home/ros2/ws01_plumbing/install/turtlesim/include/turtlesim/turtlesim/msg/detail
[5.475s] -- Installing: /home/ros2/ws01_plumbing/install/turtlesim/include/turtlesim/turtlesim/msg/detail/color__rosidl_typesupport_fastrtps_c.h
[5.476s] -- Installing: /home/ros2/ws01_plumbing/install/turtlesim/include/turtlesim/turtlesim/msg/detail/pose__rosidl_typesupport_fastrtps_c.h
[5.477s] -- Installing: /home/ros2/ws01_plumbing/install/turtlesim/include/turtlesim/turtlesim/msg/rosidl_typesupport_fastrtps_c__visibility_control.h
[5.478s] -- Up-to-date: /home/ros2/ws01_plumbing/install/turtlesim/include/turtlesim/turtlesim/srv
[5.479s] -- Up-to-date: /home/ros2/ws01_plumbing/install/turtlesim/include/turtlesim/turtlesim/srv/detail
[5.479s] -- Installing: /home/ros2/ws01_plumbing/install/turtlesim/include/turtlesim/turtlesim/srv/detail/teleport_absolute__rosidl_typesupport_fastrtps_c.h
[5.482s] -- Installing: /home/ros2/ws01_plumbing/install/turtlesim/include/turtlesim/turtlesim/srv/detail/kill__rosidl_typesupport_fastrtps_c.h
[5.483s] -- Installing: /home/ros2/ws01_plumbing/install/turtlesim/include/turtlesim/turtlesim/srv/detail/set_pen__rosidl_typesupport_fastrtps_c.h
[5.485s] -- Installing: /home/ros2/ws01_plumbing/install/turtlesim/include/turtlesim/turtlesim/srv/detail/teleport_relative__rosidl_typesupport_fastrtps_c.h
[5.486s] -- Installing: /home/ros2/ws01_plumbing/install/turtlesim/include/turtlesim/turtlesim/srv/detail/spawn__rosidl_typesupport_fastrtps_c.h
[5.489s] -- Installing: /home/ros2/ws01_plumbing/install/turtlesim/lib/libturtlesim__rosidl_typesupport_fastrtps_c.so
[5.500s] -- Set runtime path of "/home/ros2/ws01_plumbing/install/turtlesim/lib/libturtlesim__rosidl_typesupport_fastrtps_c.so" to ""
[5.500s] -- Up-to-date: /home/ros2/ws01_plumbing/install/turtlesim/include/turtlesim/turtlesim
[5.501s] -- Up-to-date: /home/ros2/ws01_plumbing/install/turtlesim/include/turtlesim/turtlesim/action
[5.502s] -- Up-to-date: /home/ros2/ws01_plumbing/install/turtlesim/include/turtlesim/turtlesim/action/detail
[5.503s] -- Installing: /home/ros2/ws01_plumbing/install/turtlesim/include/turtlesim/turtlesim/action/detail/rotate_absolute__traits.hpp
[5.506s] -- Installing: /home/ros2/ws01_plumbing/install/turtlesim/include/turtlesim/turtlesim/action/detail/rotate_absolute__struct.hpp
[5.525s] -- Installing: /home/ros2/ws01_plumbing/install/turtlesim/include/turtlesim/turtlesim/action/detail/rotate_absolute__builder.hpp
[5.526s] -- Installing: /home/ros2/ws01_plumbing/install/turtlesim/include/turtlesim/turtlesim/action/rotate_absolute.hpp
[5.528s] -- Up-to-date: /home/ros2/ws01_plumbing/install/turtlesim/include/turtlesim/turtlesim/msg
[5.529s] -- Up-to-date: /home/ros2/ws01_plumbing/install/turtlesim/include/turtlesim/turtlesim/msg/detail
[5.529s] -- Installing: /home/ros2/ws01_plumbing/install/turtlesim/include/turtlesim/turtlesim/msg/detail/pose__builder.hpp
[5.529s] -- Installing: /home/ros2/ws01_plumbing/install/turtlesim/include/turtlesim/turtlesim/msg/detail/color__builder.hpp
[5.530s] -- Installing: /home/ros2/ws01_plumbing/install/turtlesim/include/turtlesim/turtlesim/msg/detail/pose__traits.hpp
[5.530s] -- Installing: /home/ros2/ws01_plumbing/install/turtlesim/include/turtlesim/turtlesim/msg/detail/color__traits.hpp
[5.531s] -- Installing: /home/ros2/ws01_plumbing/install/turtlesim/include/turtlesim/turtlesim/msg/detail/pose__struct.hpp
[5.532s] -- Installing: /home/ros2/ws01_plumbing/install/turtlesim/include/turtlesim/turtlesim/msg/detail/color__struct.hpp
[5.535s] -- Installing: /home/ros2/ws01_plumbing/install/turtlesim/include/turtlesim/turtlesim/msg/color.hpp
[5.537s] -- Installing: /home/ros2/ws01_plumbing/install/turtlesim/include/turtlesim/turtlesim/msg/pose.hpp
[5.538s] -- Up-to-date: /home/ros2/ws01_plumbing/install/turtlesim/include/turtlesim/turtlesim/srv
[5.538s] -- Up-to-date: /home/ros2/ws01_plumbing/install/turtlesim/include/turtlesim/turtlesim/srv/detail
[5.538s] -- Installing: /home/ros2/ws01_plumbing/install/turtlesim/include/turtlesim/turtlesim/srv/detail/set_pen__traits.hpp
[5.540s] -- Installing: /home/ros2/ws01_plumbing/install/turtlesim/include/turtlesim/turtlesim/srv/detail/teleport_absolute__struct.hpp
[5.542s] -- Installing: /home/ros2/ws01_plumbing/install/turtlesim/include/turtlesim/turtlesim/srv/detail/teleport_relative__traits.hpp
[5.545s] -- Installing: /home/ros2/ws01_plumbing/install/turtlesim/include/turtlesim/turtlesim/srv/detail/set_pen__struct.hpp
[5.547s] -- Installing: /home/ros2/ws01_plumbing/install/turtlesim/include/turtlesim/turtlesim/srv/detail/teleport_absolute__traits.hpp
[5.549s] -- Installing: /home/ros2/ws01_plumbing/install/turtlesim/include/turtlesim/turtlesim/srv/detail/kill__builder.hpp
[5.551s] -- Installing: /home/ros2/ws01_plumbing/install/turtlesim/include/turtlesim/turtlesim/srv/detail/spawn__builder.hpp
[5.557s] -- Installing: /home/ros2/ws01_plumbing/install/turtlesim/include/turtlesim/turtlesim/srv/detail/spawn__traits.hpp
[5.558s] -- Installing: /home/ros2/ws01_plumbing/install/turtlesim/include/turtlesim/turtlesim/srv/detail/kill__traits.hpp
[5.560s] -- Installing: /home/ros2/ws01_plumbing/install/turtlesim/include/turtlesim/turtlesim/srv/detail/teleport_absolute__builder.hpp
[5.562s] -- Installing: /home/ros2/ws01_plumbing/install/turtlesim/include/turtlesim/turtlesim/srv/detail/teleport_relative__struct.hpp
[5.563s] -- Installing: /home/ros2/ws01_plumbing/install/turtlesim/include/turtlesim/turtlesim/srv/detail/kill__struct.hpp
[5.565s] -- Installing: /home/ros2/ws01_plumbing/install/turtlesim/include/turtlesim/turtlesim/srv/detail/set_pen__builder.hpp
[5.567s] -- Installing: /home/ros2/ws01_plumbing/install/turtlesim/include/turtlesim/turtlesim/srv/detail/spawn__struct.hpp
[5.568s] -- Installing: /home/ros2/ws01_plumbing/install/turtlesim/include/turtlesim/turtlesim/srv/detail/teleport_relative__builder.hpp
[5.570s] -- Installing: /home/ros2/ws01_plumbing/install/turtlesim/include/turtlesim/turtlesim/srv/kill.hpp
[5.572s] -- Installing: /home/ros2/ws01_plumbing/install/turtlesim/include/turtlesim/turtlesim/srv/teleport_absolute.hpp
[5.573s] -- Installing: /home/ros2/ws01_plumbing/install/turtlesim/include/turtlesim/turtlesim/srv/set_pen.hpp
[5.574s] -- Installing: /home/ros2/ws01_plumbing/install/turtlesim/include/turtlesim/turtlesim/srv/spawn.hpp
[5.576s] -- Installing: /home/ros2/ws01_plumbing/install/turtlesim/include/turtlesim/turtlesim/srv/teleport_relative.hpp
[5.577s] -- Up-to-date: /home/ros2/ws01_plumbing/install/turtlesim/include/turtlesim/turtlesim
[5.577s] -- Up-to-date: /home/ros2/ws01_plumbing/install/turtlesim/include/turtlesim/turtlesim/action
[5.579s] -- Up-to-date: /home/ros2/ws01_plumbing/install/turtlesim/include/turtlesim/turtlesim/action/detail
[5.579s] -- Installing: /home/ros2/ws01_plumbing/install/turtlesim/include/turtlesim/turtlesim/action/detail/rotate_absolute__rosidl_typesupport_fastrtps_cpp.hpp
[5.584s] -- Installing: /home/ros2/ws01_plumbing/install/turtlesim/include/turtlesim/turtlesim/action/detail/dds_fastrtps
[5.584s] -- Up-to-date: /home/ros2/ws01_plumbing/install/turtlesim/include/turtlesim/turtlesim/msg
[5.584s] -- Up-to-date: /home/ros2/ws01_plumbing/install/turtlesim/include/turtlesim/turtlesim/msg/detail
[5.584s] -- Installing: /home/ros2/ws01_plumbing/install/turtlesim/include/turtlesim/turtlesim/msg/detail/pose__rosidl_typesupport_fastrtps_cpp.hpp
[5.585s] -- Installing: /home/ros2/ws01_plumbing/install/turtlesim/include/turtlesim/turtlesim/msg/detail/dds_fastrtps
[5.585s] -- Installing: /home/ros2/ws01_plumbing/install/turtlesim/include/turtlesim/turtlesim/msg/detail/color__rosidl_typesupport_fastrtps_cpp.hpp
[5.588s] -- Installing: /home/ros2/ws01_plumbing/install/turtlesim/include/turtlesim/turtlesim/msg/rosidl_typesupport_fastrtps_cpp__visibility_control.h
[5.590s] -- Up-to-date: /home/ros2/ws01_plumbing/install/turtlesim/include/turtlesim/turtlesim/srv
[5.591s] -- Up-to-date: /home/ros2/ws01_plumbing/install/turtlesim/include/turtlesim/turtlesim/srv/detail
[5.591s] -- Installing: /home/ros2/ws01_plumbing/install/turtlesim/include/turtlesim/turtlesim/srv/detail/teleport_absolute__rosidl_typesupport_fastrtps_cpp.hpp
[5.592s] -- Installing: /home/ros2/ws01_plumbing/install/turtlesim/include/turtlesim/turtlesim/srv/detail/kill__rosidl_typesupport_fastrtps_cpp.hpp
[5.594s] -- Installing: /home/ros2/ws01_plumbing/install/turtlesim/include/turtlesim/turtlesim/srv/detail/set_pen__rosidl_typesupport_fastrtps_cpp.hpp
[5.597s] -- Installing: /home/ros2/ws01_plumbing/install/turtlesim/include/turtlesim/turtlesim/srv/detail/spawn__rosidl_typesupport_fastrtps_cpp.hpp
[5.599s] -- Installing: /home/ros2/ws01_plumbing/install/turtlesim/include/turtlesim/turtlesim/srv/detail/dds_fastrtps
[5.599s] -- Installing: /home/ros2/ws01_plumbing/install/turtlesim/include/turtlesim/turtlesim/srv/detail/teleport_relative__rosidl_typesupport_fastrtps_cpp.hpp
[5.601s] -- Installing: /home/ros2/ws01_plumbing/install/turtlesim/lib/libturtlesim__rosidl_typesupport_fastrtps_cpp.so
[5.608s] -- Set runtime path of "/home/ros2/ws01_plumbing/install/turtlesim/lib/libturtlesim__rosidl_typesupport_fastrtps_cpp.so" to ""
[5.608s] -- Up-to-date: /home/ros2/ws01_plumbing/install/turtlesim/include/turtlesim/turtlesim
[5.609s] -- Up-to-date: /home/ros2/ws01_plumbing/install/turtlesim/include/turtlesim/turtlesim/action
[5.609s] -- Up-to-date: /home/ros2/ws01_plumbing/install/turtlesim/include/turtlesim/turtlesim/action/detail
[5.610s] -- Installing: /home/ros2/ws01_plumbing/install/turtlesim/include/turtlesim/turtlesim/action/detail/rotate_absolute__type_support.c
[5.610s] -- Installing: /home/ros2/ws01_plumbing/install/turtlesim/include/turtlesim/turtlesim/action/detail/rotate_absolute__rosidl_typesupport_introspection_c.h
[5.619s] -- Up-to-date: /home/ros2/ws01_plumbing/install/turtlesim/include/turtlesim/turtlesim/msg
[5.620s] -- Up-to-date: /home/ros2/ws01_plumbing/install/turtlesim/include/turtlesim/turtlesim/msg/detail
[5.620s] -- Installing: /home/ros2/ws01_plumbing/install/turtlesim/include/turtlesim/turtlesim/msg/detail/pose__rosidl_typesupport_introspection_c.h
[5.622s] -- Installing: /home/ros2/ws01_plumbing/install/turtlesim/include/turtlesim/turtlesim/msg/detail/color__rosidl_typesupport_introspection_c.h
[5.625s] -- Installing: /home/ros2/ws01_plumbing/install/turtlesim/include/turtlesim/turtlesim/msg/detail/color__type_support.c
[5.626s] -- Installing: /home/ros2/ws01_plumbing/install/turtlesim/include/turtlesim/turtlesim/msg/detail/pose__type_support.c
[5.628s] -- Installing: /home/ros2/ws01_plumbing/install/turtlesim/include/turtlesim/turtlesim/msg/rosidl_typesupport_introspection_c__visibility_control.h
[5.630s] -- Up-to-date: /home/ros2/ws01_plumbing/install/turtlesim/include/turtlesim/turtlesim/srv
[5.630s] -- Up-to-date: /home/ros2/ws01_plumbing/install/turtlesim/include/turtlesim/turtlesim/srv/detail
[5.630s] -- Installing: /home/ros2/ws01_plumbing/install/turtlesim/include/turtlesim/turtlesim/srv/detail/set_pen__rosidl_typesupport_introspection_c.h
[5.637s] -- Installing: /home/ros2/ws01_plumbing/install/turtlesim/include/turtlesim/turtlesim/srv/detail/teleport_absolute__type_support.c
[5.641s] -- Installing: /home/ros2/ws01_plumbing/install/turtlesim/include/turtlesim/turtlesim/srv/detail/kill__type_support.c
[5.648s] -- Installing: /home/ros2/ws01_plumbing/install/turtlesim/include/turtlesim/turtlesim/srv/detail/teleport_absolute__rosidl_typesupport_introspection_c.h
[5.650s] -- Installing: /home/ros2/ws01_plumbing/install/turtlesim/include/turtlesim/turtlesim/srv/detail/set_pen__type_support.c
[5.658s] -- Installing: /home/ros2/ws01_plumbing/install/turtlesim/include/turtlesim/turtlesim/srv/detail/kill__rosidl_typesupport_introspection_c.h
[5.670s] -- Installing: /home/ros2/ws01_plumbing/install/turtlesim/include/turtlesim/turtlesim/srv/detail/teleport_relative__type_support.c
[5.678s] -- Installing: /home/ros2/ws01_plumbing/install/turtlesim/include/turtlesim/turtlesim/srv/detail/spawn__rosidl_typesupport_introspection_c.h
[5.680s] -- Installing: /home/ros2/ws01_plumbing/install/turtlesim/include/turtlesim/turtlesim/srv/detail/spawn__type_support.c
[5.694s] -- Installing: /home/ros2/ws01_plumbing/install/turtlesim/include/turtlesim/turtlesim/srv/detail/teleport_relative__rosidl_typesupport_introspection_c.h
[5.696s] -- Installing: /home/ros2/ws01_plumbing/install/turtlesim/lib/libturtlesim__rosidl_typesupport_introspection_c.so
[5.703s] -- Set runtime path of "/home/ros2/ws01_plumbing/install/turtlesim/lib/libturtlesim__rosidl_typesupport_introspection_c.so" to ""
[5.705s] -- Installing: /home/ros2/ws01_plumbing/install/turtlesim/lib/libturtlesim__rosidl_typesupport_c.so
[5.709s] -- Set runtime path of "/home/ros2/ws01_plumbing/install/turtlesim/lib/libturtlesim__rosidl_typesupport_c.so" to ""
[5.710s] -- Up-to-date: /home/ros2/ws01_plumbing/install/turtlesim/include/turtlesim/turtlesim
[5.710s] -- Up-to-date: /home/ros2/ws01_plumbing/install/turtlesim/include/turtlesim/turtlesim/action
[5.711s] -- Up-to-date: /home/ros2/ws01_plumbing/install/turtlesim/include/turtlesim/turtlesim/action/detail
[5.711s] -- Installing: /home/ros2/ws01_plumbing/install/turtlesim/include/turtlesim/turtlesim/action/detail/rotate_absolute__rosidl_typesupport_introspection_cpp.hpp
[5.713s] -- Installing: /home/ros2/ws01_plumbing/install/turtlesim/include/turtlesim/turtlesim/action/detail/rotate_absolute__type_support.cpp
[5.715s] -- Up-to-date: /home/ros2/ws01_plumbing/install/turtlesim/include/turtlesim/turtlesim/msg
[5.716s] -- Up-to-date: /home/ros2/ws01_plumbing/install/turtlesim/include/turtlesim/turtlesim/msg/detail
[5.716s] -- Installing: /home/ros2/ws01_plumbing/install/turtlesim/include/turtlesim/turtlesim/msg/detail/pose__rosidl_typesupport_introspection_cpp.hpp
[5.718s] -- Installing: /home/ros2/ws01_plumbing/install/turtlesim/include/turtlesim/turtlesim/msg/detail/color__rosidl_typesupport_introspection_cpp.hpp
[5.720s] -- Installing: /home/ros2/ws01_plumbing/install/turtlesim/include/turtlesim/turtlesim/msg/detail/color__type_support.cpp
[5.723s] -- Installing: /home/ros2/ws01_plumbing/install/turtlesim/include/turtlesim/turtlesim/msg/detail/pose__type_support.cpp
[5.724s] -- Up-to-date: /home/ros2/ws01_plumbing/install/turtlesim/include/turtlesim/turtlesim/srv
[5.725s] -- Up-to-date: /home/ros2/ws01_plumbing/install/turtlesim/include/turtlesim/turtlesim/srv/detail
[5.725s] -- Installing: /home/ros2/ws01_plumbing/install/turtlesim/include/turtlesim/turtlesim/srv/detail/kill__type_support.cpp
[5.726s] -- Installing: /home/ros2/ws01_plumbing/install/turtlesim/include/turtlesim/turtlesim/srv/detail/teleport_absolute__type_support.cpp
[5.727s] -- Installing: /home/ros2/ws01_plumbing/install/turtlesim/include/turtlesim/turtlesim/srv/detail/kill__rosidl_typesupport_introspection_cpp.hpp
[5.729s] -- Installing: /home/ros2/ws01_plumbing/install/turtlesim/include/turtlesim/turtlesim/srv/detail/set_pen__type_support.cpp
[5.731s] -- Installing: /home/ros2/ws01_plumbing/install/turtlesim/include/turtlesim/turtlesim/srv/detail/teleport_relative__rosidl_typesupport_introspection_cpp.hpp
[5.733s] -- Installing: /home/ros2/ws01_plumbing/install/turtlesim/include/turtlesim/turtlesim/srv/detail/teleport_relative__type_support.cpp
[5.734s] -- Installing: /home/ros2/ws01_plumbing/install/turtlesim/include/turtlesim/turtlesim/srv/detail/set_pen__rosidl_typesupport_introspection_cpp.hpp
[5.737s] -- Installing: /home/ros2/ws01_plumbing/install/turtlesim/include/turtlesim/turtlesim/srv/detail/teleport_absolute__rosidl_typesupport_introspection_cpp.hpp
[5.739s] -- Installing: /home/ros2/ws01_plumbing/install/turtlesim/include/turtlesim/turtlesim/srv/detail/spawn__type_support.cpp
[5.741s] -- Installing: /home/ros2/ws01_plumbing/install/turtlesim/include/turtlesim/turtlesim/srv/detail/spawn__rosidl_typesupport_introspection_cpp.hpp
[5.743s] -- Installing: /home/ros2/ws01_plumbing/install/turtlesim/lib/libturtlesim__rosidl_typesupport_introspection_cpp.so
[5.748s] -- Set runtime path of "/home/ros2/ws01_plumbing/install/turtlesim/lib/libturtlesim__rosidl_typesupport_introspection_cpp.so" to ""
[5.748s] -- Installing: /home/ros2/ws01_plumbing/install/turtlesim/lib/libturtlesim__rosidl_typesupport_cpp.so
[5.761s] -- Set runtime path of "/home/ros2/ws01_plumbing/install/turtlesim/lib/libturtlesim__rosidl_typesupport_cpp.so" to ""
[5.761s] -- Installing: /home/ros2/ws01_plumbing/install/turtlesim/share/turtlesim/environment/pythonpath.sh
[5.762s] -- Installing: /home/ros2/ws01_plumbing/install/turtlesim/share/turtlesim/environment/pythonpath.dsv
[5.765s] -- Installing: /home/ros2/ws01_plumbing/install/turtlesim/local/lib/python3.10/dist-packages/turtlesim-1.4.2-py3.10.egg-info
[5.766s] -- Installing: /home/ros2/ws01_plumbing/install/turtlesim/local/lib/python3.10/dist-packages/turtlesim-1.4.2-py3.10.egg-info/top_level.txt
[5.766s] -- Installing: /home/ros2/ws01_plumbing/install/turtlesim/local/lib/python3.10/dist-packages/turtlesim-1.4.2-py3.10.egg-info/dependency_links.txt
[5.766s] -- Installing: /home/ros2/ws01_plumbing/install/turtlesim/local/lib/python3.10/dist-packages/turtlesim-1.4.2-py3.10.egg-info/SOURCES.txt
[5.767s] -- Installing: /home/ros2/ws01_plumbing/install/turtlesim/local/lib/python3.10/dist-packages/turtlesim-1.4.2-py3.10.egg-info/PKG-INFO
[5.768s] -- Installing: /home/ros2/ws01_plumbing/install/turtlesim/local/lib/python3.10/dist-packages/turtlesim
[5.768s] -- Installing: /home/ros2/ws01_plumbing/install/turtlesim/local/lib/python3.10/dist-packages/turtlesim/_turtlesim_s.ep.rosidl_typesupport_c.c
[5.768s] -- Installing: /home/ros2/ws01_plumbing/install/turtlesim/local/lib/python3.10/dist-packages/turtlesim/action
[5.768s] -- Installing: /home/ros2/ws01_plumbing/install/turtlesim/local/lib/python3.10/dist-packages/turtlesim/action/_rotate_absolute.py
[5.769s] -- Installing: /home/ros2/ws01_plumbing/install/turtlesim/local/lib/python3.10/dist-packages/turtlesim/action/_rotate_absolute_s.c
[5.770s] -- Installing: /home/ros2/ws01_plumbing/install/turtlesim/local/lib/python3.10/dist-packages/turtlesim/action/__init__.py
[5.771s] -- Installing: /home/ros2/ws01_plumbing/install/turtlesim/local/lib/python3.10/dist-packages/turtlesim/msg
[5.771s] -- Installing: /home/ros2/ws01_plumbing/install/turtlesim/local/lib/python3.10/dist-packages/turtlesim/msg/_pose_s.c
[5.773s] -- Installing: /home/ros2/ws01_plumbing/install/turtlesim/local/lib/python3.10/dist-packages/turtlesim/msg/__init__.py
[5.773s] -- Installing: /home/ros2/ws01_plumbing/install/turtlesim/local/lib/python3.10/dist-packages/turtlesim/msg/_color.py
[5.774s] -- Installing: /home/ros2/ws01_plumbing/install/turtlesim/local/lib/python3.10/dist-packages/turtlesim/msg/_pose.py
[5.774s] -- Installing: /home/ros2/ws01_plumbing/install/turtlesim/local/lib/python3.10/dist-packages/turtlesim/msg/_color_s.c
[5.774s] -- Installing: /home/ros2/ws01_plumbing/install/turtlesim/local/lib/python3.10/dist-packages/turtlesim/__init__.py
[5.775s] -- Installing: /home/ros2/ws01_plumbing/install/turtlesim/local/lib/python3.10/dist-packages/turtlesim/libturtlesim__rosidl_generator_py.so
[5.776s] -- Installing: /home/ros2/ws01_plumbing/install/turtlesim/local/lib/python3.10/dist-packages/turtlesim/turtlesim_s__rosidl_typesupport_c.cpython-310-x86_64-linux-gnu.so
[5.777s] -- Installing: /home/ros2/ws01_plumbing/install/turtlesim/local/lib/python3.10/dist-packages/turtlesim/srv
[5.777s] -- Installing: /home/ros2/ws01_plumbing/install/turtlesim/local/lib/python3.10/dist-packages/turtlesim/srv/_teleport_absolute.py
[5.778s] -- Installing: /home/ros2/ws01_plumbing/install/turtlesim/local/lib/python3.10/dist-packages/turtlesim/srv/__init__.py
[5.778s] -- Installing: /home/ros2/ws01_plumbing/install/turtlesim/local/lib/python3.10/dist-packages/turtlesim/srv/_teleport_relative.py
[5.784s] -- Installing: /home/ros2/ws01_plumbing/install/turtlesim/local/lib/python3.10/dist-packages/turtlesim/srv/_kill.py
[5.785s] -- Installing: /home/ros2/ws01_plumbing/install/turtlesim/local/lib/python3.10/dist-packages/turtlesim/srv/_set_pen.py
[5.785s] -- Installing: /home/ros2/ws01_plumbing/install/turtlesim/local/lib/python3.10/dist-packages/turtlesim/srv/_spawn_s.c
[5.786s] -- Installing: /home/ros2/ws01_plumbing/install/turtlesim/local/lib/python3.10/dist-packages/turtlesim/srv/_kill_s.c
[5.787s] -- Installing: /home/ros2/ws01_plumbing/install/turtlesim/local/lib/python3.10/dist-packages/turtlesim/srv/_set_pen_s.c
[5.787s] -- Installing: /home/ros2/ws01_plumbing/install/turtlesim/local/lib/python3.10/dist-packages/turtlesim/srv/_teleport_relative_s.c
[5.787s] -- Installing: /home/ros2/ws01_plumbing/install/turtlesim/local/lib/python3.10/dist-packages/turtlesim/srv/_teleport_absolute_s.c
[5.789s] -- Installing: /home/ros2/ws01_plumbing/install/turtlesim/local/lib/python3.10/dist-packages/turtlesim/srv/_spawn.py
[5.789s] -- Installing: /home/ros2/ws01_plumbing/install/turtlesim/local/lib/python3.10/dist-packages/turtlesim/_turtlesim_s.ep.rosidl_typesupport_fastrtps_c.c
[5.789s] -- Installing: /home/ros2/ws01_plumbing/install/turtlesim/local/lib/python3.10/dist-packages/turtlesim/turtlesim_s__rosidl_typesupport_introspection_c.cpython-310-x86_64-linux-gnu.so
[5.789s] -- Installing: /home/ros2/ws01_plumbing/install/turtlesim/local/lib/python3.10/dist-packages/turtlesim/turtlesim_s__rosidl_typesupport_fastrtps_c.cpython-310-x86_64-linux-gnu.so
[5.790s] -- Installing: /home/ros2/ws01_plumbing/install/turtlesim/local/lib/python3.10/dist-packages/turtlesim/_turtlesim_s.ep.rosidl_typesupport_introspection_c.c
[6.039s] Listing '/home/ros2/ws01_plumbing/install/turtlesim/local/lib/python3.10/dist-packages/turtlesim'...
[6.039s] Compiling '/home/ros2/ws01_plumbing/install/turtlesim/local/lib/python3.10/dist-packages/turtlesim/__init__.py'...
[6.040s] Listing '/home/ros2/ws01_plumbing/install/turtlesim/local/lib/python3.10/dist-packages/turtlesim/action'...
[6.040s] Compiling '/home/ros2/ws01_plumbing/install/turtlesim/local/lib/python3.10/dist-packages/turtlesim/action/__init__.py'...
[6.041s] Compiling '/home/ros2/ws01_plumbing/install/turtlesim/local/lib/python3.10/dist-packages/turtlesim/action/_rotate_absolute.py'...
[6.041s] Listing '/home/ros2/ws01_plumbing/install/turtlesim/local/lib/python3.10/dist-packages/turtlesim/msg'...
[6.042s] Compiling '/home/ros2/ws01_plumbing/install/turtlesim/local/lib/python3.10/dist-packages/turtlesim/msg/__init__.py'...
[6.042s] Compiling '/home/ros2/ws01_plumbing/install/turtlesim/local/lib/python3.10/dist-packages/turtlesim/msg/_color.py'...
[6.042s] Compiling '/home/ros2/ws01_plumbing/install/turtlesim/local/lib/python3.10/dist-packages/turtlesim/msg/_pose.py'...
[6.042s] Listing '/home/ros2/ws01_plumbing/install/turtlesim/local/lib/python3.10/dist-packages/turtlesim/srv'...
[6.042s] Compiling '/home/ros2/ws01_plumbing/install/turtlesim/local/lib/python3.10/dist-packages/turtlesim/srv/__init__.py'...
[6.042s] Compiling '/home/ros2/ws01_plumbing/install/turtlesim/local/lib/python3.10/dist-packages/turtlesim/srv/_kill.py'...
[6.043s] Compiling '/home/ros2/ws01_plumbing/install/turtlesim/local/lib/python3.10/dist-packages/turtlesim/srv/_set_pen.py'...
[6.043s] Compiling '/home/ros2/ws01_plumbing/install/turtlesim/local/lib/python3.10/dist-packages/turtlesim/srv/_spawn.py'...
[6.043s] Compiling '/home/ros2/ws01_plumbing/install/turtlesim/local/lib/python3.10/dist-packages/turtlesim/srv/_teleport_absolute.py'...
[6.043s] Compiling '/home/ros2/ws01_plumbing/install/turtlesim/local/lib/python3.10/dist-packages/turtlesim/srv/_teleport_relative.py'...
[6.070s] -- Installing: /home/ros2/ws01_plumbing/install/turtlesim/local/lib/python3.10/dist-packages/turtlesim/turtlesim_s__rosidl_typesupport_fastrtps_c.cpython-310-x86_64-linux-gnu.so
[6.070s] -- Set runtime path of "/home/ros2/ws01_plumbing/install/turtlesim/local/lib/python3.10/dist-packages/turtlesim/turtlesim_s__rosidl_typesupport_fastrtps_c.cpython-310-x86_64-linux-gnu.so" to ""
[6.070s] -- Installing: /home/ros2/ws01_plumbing/install/turtlesim/local/lib/python3.10/dist-packages/turtlesim/turtlesim_s__rosidl_typesupport_introspection_c.cpython-310-x86_64-linux-gnu.so
[6.071s] -- Set runtime path of "/home/ros2/ws01_plumbing/install/turtlesim/local/lib/python3.10/dist-packages/turtlesim/turtlesim_s__rosidl_typesupport_introspection_c.cpython-310-x86_64-linux-gnu.so" to ""
[6.072s] -- Installing: /home/ros2/ws01_plumbing/install/turtlesim/local/lib/python3.10/dist-packages/turtlesim/turtlesim_s__rosidl_typesupport_c.cpython-310-x86_64-linux-gnu.so
[6.073s] -- Set runtime path of "/home/ros2/ws01_plumbing/install/turtlesim/local/lib/python3.10/dist-packages/turtlesim/turtlesim_s__rosidl_typesupport_c.cpython-310-x86_64-linux-gnu.so" to ""
[6.074s] -- Installing: /home/ros2/ws01_plumbing/install/turtlesim/lib/libturtlesim__rosidl_generator_py.so
[6.075s] -- Set runtime path of "/home/ros2/ws01_plumbing/install/turtlesim/lib/libturtlesim__rosidl_generator_py.so" to ""
[6.076s] -- Installing: /home/ros2/ws01_plumbing/install/turtlesim/share/turtlesim/action/RotateAbsolute.idl
[6.087s] -- Installing: /home/ros2/ws01_plumbing/install/turtlesim/share/turtlesim/msg/Color.idl
[6.091s] -- Installing: /home/ros2/ws01_plumbing/install/turtlesim/share/turtlesim/msg/Pose.idl
[6.093s] -- Installing: /home/ros2/ws01_plumbing/install/turtlesim/share/turtlesim/srv/Kill.idl
[6.098s] -- Installing: /home/ros2/ws01_plumbing/install/turtlesim/share/turtlesim/srv/SetPen.idl
[6.101s] -- Installing: /home/ros2/ws01_plumbing/install/turtlesim/share/turtlesim/srv/Spawn.idl
[6.103s] -- Installing: /home/ros2/ws01_plumbing/install/turtlesim/share/turtlesim/srv/TeleportAbsolute.idl
[6.106s] -- Installing: /home/ros2/ws01_plumbing/install/turtlesim/share/turtlesim/srv/TeleportRelative.idl
[6.110s] -- Installing: /home/ros2/ws01_plumbing/install/turtlesim/share/turtlesim/action/RotateAbsolute.action
[6.110s] -- Installing: /home/ros2/ws01_plumbing/install/turtlesim/share/turtlesim/msg/Color.msg
[6.110s] -- Installing: /home/ros2/ws01_plumbing/install/turtlesim/share/turtlesim/msg/Pose.msg
[6.111s] -- Installing: /home/ros2/ws01_plumbing/install/turtlesim/share/turtlesim/srv/Kill.srv
[6.111s] -- Installing: /home/ros2/ws01_plumbing/install/turtlesim/share/turtlesim/srv/Kill_Request.msg
[6.113s] -- Installing: /home/ros2/ws01_plumbing/install/turtlesim/share/turtlesim/srv/Kill_Response.msg
[6.113s] -- Installing: /home/ros2/ws01_plumbing/install/turtlesim/share/turtlesim/srv/SetPen.srv
[6.114s] -- Installing: /home/ros2/ws01_plumbing/install/turtlesim/share/turtlesim/srv/SetPen_Request.msg
[6.115s] -- Installing: /home/ros2/ws01_plumbing/install/turtlesim/share/turtlesim/srv/SetPen_Response.msg
[6.118s] -- Installing: /home/ros2/ws01_plumbing/install/turtlesim/share/turtlesim/srv/Spawn.srv
[6.119s] -- Installing: /home/ros2/ws01_plumbing/install/turtlesim/share/turtlesim/srv/Spawn_Request.msg
[6.121s] -- Installing: /home/ros2/ws01_plumbing/install/turtlesim/share/turtlesim/srv/Spawn_Response.msg
[6.122s] -- Installing: /home/ros2/ws01_plumbing/install/turtlesim/share/turtlesim/srv/TeleportAbsolute.srv
[6.123s] -- Installing: /home/ros2/ws01_plumbing/install/turtlesim/share/turtlesim/srv/TeleportAbsolute_Request.msg
[6.125s] -- Installing: /home/ros2/ws01_plumbing/install/turtlesim/share/turtlesim/srv/TeleportAbsolute_Response.msg
[6.127s] -- Installing: /home/ros2/ws01_plumbing/install/turtlesim/share/turtlesim/srv/TeleportRelative.srv
[6.128s] -- Installing: /home/ros2/ws01_plumbing/install/turtlesim/share/turtlesim/srv/TeleportRelative_Request.msg
[6.130s] -- Installing: /home/ros2/ws01_plumbing/install/turtlesim/share/turtlesim/srv/TeleportRelative_Response.msg
[6.133s] -- Installing: /home/ros2/ws01_plumbing/install/turtlesim/lib/turtlesim/turtlesim_node
[6.269s] -- Set runtime path of "/home/ros2/ws01_plumbing/install/turtlesim/lib/turtlesim/turtlesim_node" to ""
[6.269s] -- Installing: /home/ros2/ws01_plumbing/install/turtlesim/lib/turtlesim/turtle_teleop_key
[6.300s] -- Set runtime path of "/home/ros2/ws01_plumbing/install/turtlesim/lib/turtlesim/turtle_teleop_key" to ""
[6.300s] -- Installing: /home/ros2/ws01_plumbing/install/turtlesim/lib/turtlesim/draw_square
[6.368s] -- Set runtime path of "/home/ros2/ws01_plumbing/install/turtlesim/lib/turtlesim/draw_square" to ""
[6.369s] -- Installing: /home/ros2/ws01_plumbing/install/turtlesim/lib/turtlesim/mimic
[6.439s] -- Set runtime path of "/home/ros2/ws01_plumbing/install/turtlesim/lib/turtlesim/mimic" to ""
[6.441s] -- Installing: /home/ros2/ws01_plumbing/install/turtlesim/share/turtlesim/images
[6.441s] -- Installing: /home/ros2/ws01_plumbing/install/turtlesim/share/turtlesim/images/eloquent.png
[6.442s] -- Installing: /home/ros2/ws01_plumbing/install/turtlesim/share/turtlesim/images/galactic.png
[6.442s] -- Installing: /home/ros2/ws01_plumbing/install/turtlesim/share/turtlesim/images/bouncy.png
[6.442s] -- Installing: /home/ros2/ws01_plumbing/install/turtlesim/share/turtlesim/images/foxy.png
[6.443s] -- Installing: /home/ros2/ws01_plumbing/install/turtlesim/share/turtlesim/images/ardent.png
[6.443s] -- Installing: /home/ros2/ws01_plumbing/install/turtlesim/share/turtlesim/images/humble.png
[6.443s] -- Installing: /home/ros2/ws01_plumbing/install/turtlesim/share/turtlesim/images/dashing.png
[6.443s] -- Installing: /home/ros2/ws01_plumbing/install/turtlesim/share/turtlesim/images/rolling.png
[6.444s] -- Installing: /home/ros2/ws01_plumbing/install/turtlesim/share/turtlesim/images/crystal.png
[6.444s] -- Installing: /home/ros2/ws01_plumbing/install/turtlesim/share/turtlesim/launch
[6.444s] -- Installing: /home/ros2/ws01_plumbing/install/turtlesim/share/turtlesim/launch/multisim.launch.py
[6.444s] -- Installing: /home/ros2/ws01_plumbing/install/turtlesim/share/ament_index/resource_index/package_run_dependencies/turtlesim
[6.461s] -- Installing: /home/ros2/ws01_plumbing/install/turtlesim/share/ament_index/resource_index/parent_prefix_path/turtlesim
[6.462s] -- Installing: /home/ros2/ws01_plumbing/install/turtlesim/share/turtlesim/environment/ament_prefix_path.sh
[6.473s] -- Installing: /home/ros2/ws01_plumbing/install/turtlesim/share/turtlesim/environment/ament_prefix_path.dsv
[6.475s] -- Installing: /home/ros2/ws01_plumbing/install/turtlesim/share/turtlesim/environment/path.sh
[6.478s] -- Installing: /home/ros2/ws01_plumbing/install/turtlesim/share/turtlesim/environment/path.dsv
[6.481s] -- Installing: /home/ros2/ws01_plumbing/install/turtlesim/share/turtlesim/local_setup.bash
[6.495s] -- Installing: /home/ros2/ws01_plumbing/install/turtlesim/share/turtlesim/local_setup.sh
[6.497s] -- Installing: /home/ros2/ws01_plumbing/install/turtlesim/share/turtlesim/local_setup.zsh
[6.499s] -- Installing: /home/ros2/ws01_plumbing/install/turtlesim/share/turtlesim/local_setup.dsv
[6.501s] -- Installing: /home/ros2/ws01_plumbing/install/turtlesim/share/turtlesim/package.dsv
[6.503s] -- Installing: /home/ros2/ws01_plumbing/install/turtlesim/share/ament_index/resource_index/packages/turtlesim
[6.505s] -- Installing: /home/ros2/ws01_plumbing/install/turtlesim/share/turtlesim/cmake/export_turtlesim__rosidl_generator_cExport.cmake
[6.509s] -- Installing: /home/ros2/ws01_plumbing/install/turtlesim/share/turtlesim/cmake/export_turtlesim__rosidl_generator_cExport-noconfig.cmake
[6.511s] -- Installing: /home/ros2/ws01_plumbing/install/turtlesim/share/turtlesim/cmake/export_turtlesim__rosidl_typesupport_fastrtps_cExport.cmake
[6.526s] -- Installing: /home/ros2/ws01_plumbing/install/turtlesim/share/turtlesim/cmake/export_turtlesim__rosidl_typesupport_fastrtps_cExport-noconfig.cmake
[6.529s] -- Installing: /home/ros2/ws01_plumbing/install/turtlesim/share/turtlesim/cmake/export_turtlesim__rosidl_generator_cppExport.cmake
[6.530s] -- Installing: /home/ros2/ws01_plumbing/install/turtlesim/share/turtlesim/cmake/export_turtlesim__rosidl_typesupport_fastrtps_cppExport.cmake
[6.532s] -- Installing: /home/ros2/ws01_plumbing/install/turtlesim/share/turtlesim/cmake/export_turtlesim__rosidl_typesupport_fastrtps_cppExport-noconfig.cmake
[6.534s] -- Installing: /home/ros2/ws01_plumbing/install/turtlesim/share/turtlesim/cmake/turtlesim__rosidl_typesupport_introspection_cExport.cmake
[6.535s] -- Installing: /home/ros2/ws01_plumbing/install/turtlesim/share/turtlesim/cmake/turtlesim__rosidl_typesupport_introspection_cExport-noconfig.cmake
[6.538s] -- Installing: /home/ros2/ws01_plumbing/install/turtlesim/share/turtlesim/cmake/turtlesim__rosidl_typesupport_cExport.cmake
[6.539s] -- Installing: /home/ros2/ws01_plumbing/install/turtlesim/share/turtlesim/cmake/turtlesim__rosidl_typesupport_cExport-noconfig.cmake
[6.542s] -- Installing: /home/ros2/ws01_plumbing/install/turtlesim/share/turtlesim/cmake/turtlesim__rosidl_typesupport_introspection_cppExport.cmake
[6.544s] -- Installing: /home/ros2/ws01_plumbing/install/turtlesim/share/turtlesim/cmake/turtlesim__rosidl_typesupport_introspection_cppExport-noconfig.cmake
[6.546s] -- Installing: /home/ros2/ws01_plumbing/install/turtlesim/share/turtlesim/cmake/turtlesim__rosidl_typesupport_cppExport.cmake
[6.548s] -- Installing: /home/ros2/ws01_plumbing/install/turtlesim/share/turtlesim/cmake/turtlesim__rosidl_typesupport_cppExport-noconfig.cmake
[6.550s] -- Installing: /home/ros2/ws01_plumbing/install/turtlesim/share/turtlesim/cmake/export_turtlesim__rosidl_generator_pyExport.cmake
[6.555s] -- Installing: /home/ros2/ws01_plumbing/install/turtlesim/share/turtlesim/cmake/export_turtlesim__rosidl_generator_pyExport-noconfig.cmake
[6.557s] -- Installing: /home/ros2/ws01_plumbing/install/turtlesim/share/turtlesim/cmake/rosidl_cmake-extras.cmake
[6.559s] -- Installing: /home/ros2/ws01_plumbing/install/turtlesim/share/turtlesim/cmake/ament_cmake_export_dependencies-extras.cmake
[6.566s] -- Installing: /home/ros2/ws01_plumbing/install/turtlesim/share/turtlesim/cmake/ament_cmake_export_include_directories-extras.cmake
[6.567s] -- Installing: /home/ros2/ws01_plumbing/install/turtlesim/share/turtlesim/cmake/ament_cmake_export_libraries-extras.cmake
[6.570s] -- Installing: /home/ros2/ws01_plumbing/install/turtlesim/share/turtlesim/cmake/ament_cmake_export_targets-extras.cmake
[6.570s] -- Installing: /home/ros2/ws01_plumbing/install/turtlesim/share/turtlesim/cmake/rosidl_cmake_export_typesupport_targets-extras.cmake
[6.573s] -- Installing: /home/ros2/ws01_plumbing/install/turtlesim/share/turtlesim/cmake/rosidl_cmake_export_typesupport_libraries-extras.cmake
[6.575s] -- Installing: /home/ros2/ws01_plumbing/install/turtlesim/share/turtlesim/cmake/turtlesimConfig.cmake
[6.587s] -- Installing: /home/ros2/ws01_plumbing/install/turtlesim/share/turtlesim/cmake/turtlesimConfig-version.cmake
[6.590s] -- Installing: /home/ros2/ws01_plumbing/install/turtlesim/share/turtlesim/package.xml
[6.614s] Invoked command in '/home/ros2/ws01_plumbing/build/turtlesim' returned '0': CMAKE_PREFIX_PATH=${CMAKE_PREFIX_PATH}:/home/ros2/ws01_plumbing/install/py06_time:/home/ros2/ws01_plumbing/install/py05_names:/home/ros2/ws01_plumbing/install/py04_param:/home/ros2/ws01_plumbing/install/py03_action:/home/ros2/ws01_plumbing/install/py02_service:/home/ros2/ws01_plumbing/install/py01_topic:/opt/ros/humble /usr/bin/cmake --install /home/ros2/ws01_plumbing/build/turtlesim
[7.110s] Traceback (most recent call last):
  File "/usr/lib/python3/dist-packages/colcon_parallel_executor/executor/parallel.py", line 67, in execute
    loop.run_until_complete(future)
  File "/usr/lib/python3.10/asyncio/base_events.py", line 633, in run_until_complete
    self.run_forever()
  File "/usr/lib/python3.10/asyncio/base_events.py", line 600, in run_forever
    self._run_once()
  File "/usr/lib/python3.10/asyncio/base_events.py", line 1860, in _run_once
    event_list = self._selector.select(timeout)
  File "/usr/lib/python3.10/selectors.py", line 469, in select
    fd_event_list = self._selector.poll(timeout, max_ev)
KeyboardInterrupt

During handling of the above exception, another exception occurred:

Traceback (most recent call last):
  File "/usr/lib/python3/dist-packages/colcon_core/executor/__init__.py", line 91, in __call__
    rc = await self.task(*args, **kwargs)
  File "/usr/lib/python3/dist-packages/colcon_core/task/__init__.py", line 93, in __call__
    return await task_method(*args, **kwargs)
  File "/usr/lib/python3/dist-packages/colcon_ros/task/ament_cmake/build.py", line 65, in build
    has_install_target = await has_target(args.build_base, 'install')
  File "/usr/lib/python3/dist-packages/colcon_cmake/task/cmake/__init__.py", line 57, in has_target
    return target in await get_makefile_targets(path)
  File "/usr/lib/python3/dist-packages/colcon_cmake/task/cmake/__init__.py", line 77, in get_makefile_targets
    output = await check_output([
  File "/usr/lib/python3/dist-packages/colcon_core/subprocess.py", line 128, in check_output
    assert not rc, f'Expected {args} to pass: {stderr_data}'
AssertionError: Expected ['/usr/bin/cmake', '--build', '/home/ros2/ws01_plumbing/build/turtlesim', '--target', 'help'] to pass: gmake: *** [Makefile:2288: help] ä¸­æ–­

