[35m[1mConsolidate compiler generated dependencies of target exer04_action_server[0m
[ 20%] Built target exer01_pub_sub
[ 30%] [32mBuilding CXX object CMakeFiles/exer04_action_server.dir/src/exer04_action_server.cpp.o[0m
[ 50%] Built target exer02_server
[ 70%] Built target exer03_client
[ 90%] Built target exer05_action_client
[01m[K/home/ros2/ws01_plumbing/src/cpp07_exercise/src/exer04_action_server.cpp:[m[K In member function â€˜[01m[Kvoid Exer04ActionServer::execute(std::shared_ptr<rclcpp_action::ServerGoalHandle<base_interfaces_demo::action::Nav> >)[m[Kâ€™:
[01m[K/home/ros2/ws01_plumbing/src/cpp07_exercise/src/exer04_action_server.cpp:114:33:[m[K [01;31m[Kerror: [m[Kexpected primary-expression before â€˜[01m[K:[m[Kâ€™ token
  114 |             float distance = std[01;31m[K:[m[K;sqrt(distance_x * distance_x + distance_y * distance_y);
      |                                 [01;31m[K^[m[K
gmake[2]: *** [CMakeFiles/exer04_action_server.dir/build.make:76ï¼šCMakeFiles/exer04_action_server.dir/src/exer04_action_server.cpp.o] é”™è¯¯ 1
gmake[1]: *** [CMakeFiles/Makefile2:223ï¼šCMakeFiles/exer04_action_server.dir/all] é”™è¯¯ 2
gmake: *** [Makefile:146ï¼šall] é”™è¯¯ 2
