[0.058s] Invoking command in '/home/ros2/ws01_plumbing/build/cpp04_param': CMAKE_PREFIX_PATH=${CMAKE_PREFIX_PATH}:/home/ros2/ws01_plumbing/install/py04_param:/home/ros2/ws01_plumbing/install/py03_action:/home/ros2/ws01_plumbing/install/py02_service:/home/ros2/ws01_plumbing/install/py01_topic:/opt/ros/humble /usr/bin/cmake --build /home/ros2/ws01_plumbing/build/cpp04_param -- -j4 -l4
[0.287s] [35m[1mConsolidate compiler generated dependencies of target demo01_param_server[0m
[0.353s] [ 16%] [32mBuilding CXX object CMakeFiles/demo01_param_server.dir/src/demo01_param_server.cpp.o[0m
[0.373s] [ 50%] Built target demo00_param
[0.438s] [ 83%] Built target demo02_param_client
[10.588s] In file included from [01m[K/opt/ros/humble/include/rclcpp/rclcpp/logging.hpp:24[m[K,
[10.588s]                  from [01m[K/opt/ros/humble/include/rclcpp/rclcpp/client.hpp:40[m[K,
[10.588s]                  from [01m[K/opt/ros/humble/include/rclcpp/rclcpp/callback_group.hpp:23[m[K,
[10.588s]                  from [01m[K/opt/ros/humble/include/rclcpp/rclcpp/any_executable.hpp:20[m[K,
[10.589s]                  from [01m[K/opt/ros/humble/include/rclcpp/rclcpp/memory_strategy.hpp:25[m[K,
[10.590s]                  from [01m[K/opt/ros/humble/include/rclcpp/rclcpp/memory_strategies.hpp:18[m[K,
[10.590s]                  from [01m[K/opt/ros/humble/include/rclcpp/rclcpp/executor_options.hpp:20[m[K,
[10.592s]                  from [01m[K/opt/ros/humble/include/rclcpp/rclcpp/executor.hpp:37[m[K,
[10.592s]                  from [01m[K/opt/ros/humble/include/rclcpp/rclcpp/executors/multi_threaded_executor.hpp:25[m[K,
[10.592s]                  from [01m[K/opt/ros/humble/include/rclcpp/rclcpp/executors.hpp:21[m[K,
[10.593s]                  from [01m[K/opt/ros/humble/include/rclcpp/rclcpp/rclcpp.hpp:155[m[K,
[10.593s]                  from [01m[K/home/ros2/ws01_plumbing/src/cpp04_param/src/demo01_param_server.cpp:15[m[K:
[10.593s] [01m[K/home/ros2/ws01_plumbing/src/cpp04_param/src/demo01_param_server.cpp:[m[K In member function â€˜[01m[Kvoid ParamServer::update_param()[m[Kâ€™:
[10.594s] [01m[K/home/ros2/ws01_plumbing/src/cpp04_param/src/demo01_param_server.cpp:54:85:[m[K [01;31m[Kerror: [m[Kcannot convert â€˜[01m[Kstd::string[m[Kâ€™ {aka â€˜[01m[Kstd::__cxx11::basic_string<char>[m[Kâ€™} to â€˜[01m[Kconst char*[m[Kâ€™
[10.594s]    54 |         RCLCPP_INFO(this->get_logger(),[01;31m[Kthis->get_parameter("width2").value_to_string()[m[K);
[10.595s]       |                                        [01;31m[K~~~~~~~~~~~~~~~~~~~~~~~~~~~~~~~~~~~~~~~~~~~~~^~[m[K
[10.595s]       |                                                                                     [01;31m[K|[m[K
[10.595s]       |                                                                                     [01;31m[Kstd::string {aka std::__cxx11::basic_string<char>}[m[K
[10.596s] In file included from [01m[K/opt/ros/humble/include/rmw/rmw/types.h:28[m[K,
[10.596s]                  from [01m[K/opt/ros/humble/include/rcl/rcl/types.h:20[m[K,
[10.596s]                  from [01m[K/opt/ros/humble/include/rcl/rcl/log_level.h:22[m[K,
[10.597s]                  from [01m[K/opt/ros/humble/include/rcl/rcl/arguments.h:21[m[K,
[10.597s]                  from [01m[K/opt/ros/humble/include/rcl/rcl/context.h:28[m[K,
[10.597s]                  from [01m[K/opt/ros/humble/include/rcl/rcl/guard_condition.h:26[m[K,
[10.597s]                  from [01m[K/opt/ros/humble/include/rclcpp/rclcpp/executor.hpp:30[m[K,
[10.597s]                  from [01m[K/opt/ros/humble/include/rclcpp/rclcpp/executors/multi_threaded_executor.hpp:25[m[K,
[10.598s]                  from [01m[K/opt/ros/humble/include/rclcpp/rclcpp/executors.hpp:21[m[K,
[10.598s]                  from [01m[K/opt/ros/humble/include/rclcpp/rclcpp/rclcpp.hpp:155[m[K,
[10.598s]                  from [01m[K/home/ros2/ws01_plumbing/src/cpp04_param/src/demo01_param_server.cpp:15[m[K:
[10.598s] [01m[K/opt/ros/humble/include/rcutils/rcutils/logging.h:479:16:[m[K [01;36m[Knote: [m[K  initializing argument 4 of â€˜[01m[Kvoid rcutils_log(const rcutils_log_location_t*, int, const char*, const char*, ...)[m[Kâ€™
[10.598s]   479 |   [01;36m[Kconst char * format[m[K,
[10.598s]       |   [01;36m[K~~~~~~~~~~~~~^~~~~~[m[K
[12.568s] gmake[2]: *** [CMakeFiles/demo01_param_server.dir/build.make:76ï¼šCMakeFiles/demo01_param_server.dir/src/demo01_param_server.cpp.o] é”™è¯¯ 1
[12.570s] gmake[1]: *** [CMakeFiles/Makefile2:167ï¼šCMakeFiles/demo01_param_server.dir/all] é”™è¯¯ 2
[12.570s] gmake: *** [Makefile:146ï¼šall] é”™è¯¯ 2
[12.578s] Invoked command in '/home/ros2/ws01_plumbing/build/cpp04_param' returned '2': CMAKE_PREFIX_PATH=${CMAKE_PREFIX_PATH}:/home/ros2/ws01_plumbing/install/py04_param:/home/ros2/ws01_plumbing/install/py03_action:/home/ros2/ws01_plumbing/install/py02_service:/home/ros2/ws01_plumbing/install/py01_topic:/opt/ros/humble /usr/bin/cmake --build /home/ros2/ws01_plumbing/build/cpp04_param -- -j4 -l4
