[0.088s] Invoking command in '/home/ros2/ws01_plumbing/build/cpp07_exercise': CMAKE_PREFIX_PATH=/home/ros2/ws01_plumbing/install/turtlesim:/home/ros2/ws01_plumbing/install/base_interfaces_demo:/home/ros2/ws01_plumbing/install/tutorails_plumbing:/home/ros2/ws01_plumbing/install/cpp07_exercise:/home/ros2/ws01_plumbing/install/cpp06_time:/home/ros2/ws01_plumbing/install/cpp05_names:/home/ros2/ws01_plumbing/install/cpp04_param:/home/ros2/ws01_plumbing/install/cpp03_action:/home/ros2/ws01_plumbing/install/cpp02_service:/home/ros2/ws01_plumbing/install/cpp01_topic:/home/ros2/ws01_plumbing/install/py06_time:/home/ros2/ws01_plumbing/install/py05_names:/home/ros2/ws01_plumbing/install/py04_param:/home/ros2/ws01_plumbing/install/py03_action:/home/ros2/ws01_plumbing/install/py02_service:/home/ros2/ws01_plumbing/install/py01_topic:/opt/ros/humble /usr/bin/cmake --build /home/ros2/ws01_plumbing/build/cpp07_exercise -- -j4 -l4
[0.354s] [35m[1mConsolidate compiler generated dependencies of target exer04_action_server[0m
[0.434s] [ 20%] Built target exer01_pub_sub
[0.441s] [ 40%] Built target exer02_server
[0.455s] [ 60%] Built target exer03_client
[0.506s] [ 70%] [32mBuilding CXX object CMakeFiles/exer04_action_server.dir/src/exer04_action_server.cpp.o[0m
[0.604s] [ 90%] Built target exer05_action_client
[12.341s] [01m[K/home/ros2/ws01_plumbing/src/cpp07_exercise/src/exer04_action_server.cpp:[m[K In member function â€˜[01m[Kvoid Exer04ActionServer::execute(std::shared_ptr<rclcpp_action::ServerGoalHandle<base_interfaces_demo::action::Nav> >)[m[Kâ€™:
[12.344s] [01m[K/home/ros2/ws01_plumbing/src/cpp07_exercise/src/exer04_action_server.cpp:114:33:[m[K [01;31m[Kerror: [m[Kexpected primary-expression before â€˜[01m[K:[m[Kâ€™ token
[12.344s]   114 |             float distance = std[01;31m[K:[m[K;sqrt(distance_x * distance_x + distance_y * distance_y);
[12.345s]       |                                 [01;31m[K^[m[K
[12.483s] [01m[K/home/ros2/ws01_plumbing/src/cpp07_exercise/src/exer04_action_server.cpp:[m[K In member function â€˜[01m[Kvoid Exer04ActionServer::handle_accepted(std::shared_ptr<rclcpp_action::ServerGoalHandle<base_interfaces_demo::action::Nav> >)[m[Kâ€™:
[12.484s] [01m[K/home/ros2/ws01_plumbing/src/cpp07_exercise/src/exer04_action_server.cpp:149:78:[m[K [01;31m[Kerror: [m[Kâ€˜[01m[Kstd::_Bind_helper<false, void (Exer04ActionServer::*)(std::shared_ptr<rclcpp_action::ServerGoalHandle<base_interfaces_demo::action::Nav> >), Exer04ActionServer*, std::shared_ptr<rclcpp_action::ServerGoalHandle<base_interfaces_demo::action::Nav> >&>::type[m[Kâ€™ has no member named â€˜[01m[Kdetach[m[Kâ€™
[12.484s]   149 |         std::thread(std::bind(&Exer04ActionServer::execute,this,goal_handle).[01;31m[Kdetach[m[K();
[12.484s]       |                                                                              [01;31m[K^~~~~~[m[K
[27.090s] gmake[2]: *** [CMakeFiles/exer04_action_server.dir/build.make:76ï¼šCMakeFiles/exer04_action_server.dir/src/exer04_action_server.cpp.o] é”™è¯¯ 1
[27.091s] gmake[1]: *** [CMakeFiles/Makefile2:223ï¼šCMakeFiles/exer04_action_server.dir/all] é”™è¯¯ 2
[27.093s] gmake: *** [Makefile:146ï¼šall] é”™è¯¯ 2
[27.102s] Invoked command in '/home/ros2/ws01_plumbing/build/cpp07_exercise' returned '2': CMAKE_PREFIX_PATH=/home/ros2/ws01_plumbing/install/turtlesim:/home/ros2/ws01_plumbing/install/base_interfaces_demo:/home/ros2/ws01_plumbing/install/tutorails_plumbing:/home/ros2/ws01_plumbing/install/cpp07_exercise:/home/ros2/ws01_plumbing/install/cpp06_time:/home/ros2/ws01_plumbing/install/cpp05_names:/home/ros2/ws01_plumbing/install/cpp04_param:/home/ros2/ws01_plumbing/install/cpp03_action:/home/ros2/ws01_plumbing/install/cpp02_service:/home/ros2/ws01_plumbing/install/cpp01_topic:/home/ros2/ws01_plumbing/install/py06_time:/home/ros2/ws01_plumbing/install/py05_names:/home/ros2/ws01_plumbing/install/py04_param:/home/ros2/ws01_plumbing/install/py03_action:/home/ros2/ws01_plumbing/install/py02_service:/home/ros2/ws01_plumbing/install/py01_topic:/opt/ros/humble /usr/bin/cmake --build /home/ros2/ws01_plumbing/build/cpp07_exercise -- -j4 -l4
