[01m[K/home/ros2/ws01_plumbing/src/cpp07_exercise/src/exer06_param.cpp:[m[K In member function â€˜[01m[Kvoid Exer06Param::update_param()[m[Kâ€™:
[01m[K/home/ros2/ws01_plumbing/src/cpp07_exercise/src/exer06_param.cpp:63:29:[m[K [01;31m[Kerror: [m[Kexpected primary-expression before â€˜[01m[K?[m[Kâ€™ token
   63 |             if(count <= 255)[01;31m[K?[m[K red += 5: red -= 5;
      |                             [01;31m[K^[m[K
gmake[2]: *** [CMakeFiles/exer06_param.dir/build.make:76ï¼šCMakeFiles/exer06_param.dir/src/exer06_param.cpp.o] é”™è¯¯ 1
gmake[1]: *** [CMakeFiles/Makefile2:277ï¼šCMakeFiles/exer06_param.dir/all] é”™è¯¯ 2
gmake: *** [Makefile:146ï¼šall] é”™è¯¯ 2
