[35m[1mConsolidate compiler generated dependencies of target demo01_param_server[0m
[ 33%] Built target demo00_param
[ 66%] Built target demo02_param_client
[ 83%] [32mBuilding CXX object CMakeFiles/demo01_param_server.dir/src/demo01_param_server.cpp.o[0m
[01m[K/home/ros2/ws01_plumbing/src/cpp04_param/src/demo01_param_server.cpp:[m[K In member function â€˜[01m[Kvoid ParamServer::del_param()[m[Kâ€™:
[01m[K/home/ros2/ws01_plumbing/src/cpp04_param/src/demo01_param_server.cpp:59:15:[m[K [01;31m[Kerror: [m[Kâ€˜[01m[Kclass ParamServer[m[Kâ€™ has no member named â€˜[01m[Kundeclare[m[Kâ€™
   59 |         this->[01;31m[Kundeclare[m[K("car_name");
      |               [01;31m[K^~~~~~~~~[m[K
gmake[2]: *** [CMakeFiles/demo01_param_server.dir/build.make:76ï¼šCMakeFiles/demo01_param_server.dir/src/demo01_param_server.cpp.o] é”™è¯¯ 1
gmake[1]: *** [CMakeFiles/Makefile2:167ï¼šCMakeFiles/demo01_param_server.dir/all] é”™è¯¯ 2
gmake: *** [Makefile:146ï¼šall] é”™è¯¯ 2
